Start SimOpm1 en PC: 25-Apr-2005; Mon 05:13:05 PM

0084:	BEGIN VARIABLES GLOBAL	sts:SIN_ERROR

0088:	OPCODE: TDISPLAY, len:2, sts:SIN_ERROR

0090:	OPCODE: LRA_CODE, len:6, sts:SIN_ERROR

0092:	END VARIABLES GLOBAL	sts:SIN_ERROR

0094:	BEGIN PANTALLA 00,	sts:SIN_ERROR

00AC:	BEGIN CAMPO	CTEXT:00, sts:SIN_ERROR

00C6:	BEGIN CAMPO	NUMERICO:01, sts:SIN_ERROR

00CA:	OPCODE: EDIT_FLAGS,len:2, npar:1, par1:0080, sts:SIN_ERROR

00CE:	OPCODE: RANGOX,len:4, npar:2, par1:0800, par2:0000, sts:SIN_ERROR

00D4:	OPCODE: GAIN,len:4, npar:2, par1:3F80, par2:0000, sts:SIN_ERROR

00DA:	OPCODE: OFFSET,len:4, npar:2, par1:0000, par2:0000, sts:SIN_ERROR

00E0:	OPCODE: MAX,len:4, npar:2, par1:42C6, par2:0000, sts:SIN_ERROR

00E6:	OPCODE: MIN,len:4, npar:2, par1:C2C6, par2:0000, sts:SIN_ERROR

00EC:	OPCODE: LRA_CODE,len:6, npar:3, par1:0064, par2:0100, par3:0031, sts:SIN_ERROR

00F4:	OPCODE: FORMAT_DISPLAY,len:4, npar:2, par1:432A, par2:0008, sts:SIN_ERROR

00F8:	END CAMPO NUMERICO: 01, sts:SIN_ERROR

00FA:	END PANTALLA 00,	sts:SIN_ERROR

0094:	BEGIN PANTALLA 00,	sts:SIN_ERROR

00AC:	BEGIN CAMPO	CTEXT:00, sts:SIN_ERROR

00C6:	BEGIN CAMPO	NUMERICO:01, sts:SIN_ERROR

00CA:	OPCODE: EDIT_FLAGS,len:2, npar:1, par1:0080, sts:SIN_ERROR

00CE:	OPCODE: RANGOX,len:4, npar:2, par1:0800, par2:0000, sts:SIN_ERROR

00D4:	OPCODE: GAIN,len:4, npar:2, par1:3F80, par2:0000, sts:SIN_ERROR

00DA:	OPCODE: OFFSET,len:4, npar:2, par1:0000, par2:0000, sts:SIN_ERROR

00E0:	OPCODE: MAX,len:4, npar:2, par1:42C6, par2:0000, sts:SIN_ERROR

00E6:	OPCODE: MIN,len:4, npar:2, par1:C2C6, par2:0000, sts:SIN_ERROR

00EC:	OPCODE: LRA_CODE,len:6, npar:3, par1:0064, par2:0100, par3:0031, sts:SIN_ERROR

00F4:	OPCODE: FORMAT_DISPLAY,len:4, npar:2, par1:432A, par2:0008, sts:SIN_ERROR

00F8:	END CAMPO NUMERICO: 01, sts:SIN_ERROR

00FA:	END PANTALLA 00,	sts:SIN_ERROR

Start SimOpm1 en PC: 25-Apr-2005; Mon 05:13:34 PM

0084:	BEGIN VARIABLES GLOBAL	sts:SIN_ERROR

0088:	OPCODE: TDISPLAY, len:2, sts:SIN_ERROR

0090:	OPCODE: LRA_CODE, len:6, sts:SIN_ERROR

0092:	END VARIABLES GLOBAL	sts:SIN_ERROR

0094:	BEGIN PANTALLA 00,	sts:SIN_ERROR

00AC:	BEGIN CAMPO	CTEXT:00, sts:SIN_ERROR

00C6:	BEGIN CAMPO	NUMERICO:01, sts:SIN_ERROR

00CA:	OPCODE: EDIT_FLAGS,len:2, npar:1, par1:0080, sts:SIN_ERROR

00CE:	OPCODE: RANGOX,len:4, npar:2, par1:0800, par2:0000, sts:SIN_ERROR

00D4:	OPCODE: GAIN,len:4, npar:2, par1:3F80, par2:0000, sts:SIN_ERROR

00DA:	OPCODE: OFFSET,len:4, npar:2, par1:0000, par2:0000, sts:SIN_ERROR

00E0:	OPCODE: MAX,len:4, npar:2, par1:42C6, par2:0000, sts:SIN_ERROR

00E6:	OPCODE: MIN,len:4, npar:2, par1:C2C6, par2:0000, sts:SIN_ERROR

00EC:	OPCODE: LRA_CODE,len:6, npar:3, par1:0064, par2:0100, par3:0031, sts:SIN_ERROR

00F4:	OPCODE: FORMAT_DISPLAY,len:4, npar:2, par1:422A, par2:0008, sts:SIN_ERROR

00F8:	END CAMPO NUMERICO: 01, sts:SIN_ERROR

00FA:	END PANTALLA 00,	sts:SIN_ERROR

0094:	BEGIN PANTALLA 00,	sts:SIN_ERROR

00AC:	BEGIN CAMPO	CTEXT:00, sts:SIN_ERROR

00C6:	BEGIN CAMPO	NUMERICO:01, sts:SIN_ERROR

00CA:	OPCODE: EDIT_FLAGS,len:2, npar:1, par1:0080, sts:SIN_ERROR

00CE:	OPCODE: RANGOX,len:4, npar:2, par1:0800, par2:0000, sts:SIN_ERROR

00D4:	OPCODE: GAIN,len:4, npar:2, par1:3F80, par2:0000, sts:SIN_ERROR

00DA:	OPCODE: OFFSET,len:4, npar:2, par1:0000, par2:0000, sts:SIN_ERROR

00E0:	OPCODE: MAX,len:4, npar:2, par1:42C6, par2:0000, sts:SIN_ERROR

00E6:	OPCODE: MIN,len:4, npar:2, par1:C2C6, par2:0000, sts:SIN_ERROR

00EC:	OPCODE: LRA_CODE,len:6, npar:3, par1:0064, par2:0100, par3:0031, sts:SIN_ERROR

00F4:	OPCODE: FORMAT_DISPLAY,len:4, npar:2, par1:422A, par2:0008, sts:SIN_ERROR

00F8:	END CAMPO NUMERICO: 01, sts:SIN_ERROR

00FA:	END PANTALLA 00,	sts:SIN_ERROR

Start SimOpm1 en PC: 25-Apr-2005; Mon 05:15:07 PM

0084:	BEGIN VARIABLES GLOBAL	sts:SIN_ERROR

0088:	OPCODE: TDISPLAY, len:2, sts:SIN_ERROR

0090:	OPCODE: LRA_CODE, len:6, sts:SIN_ERROR

0092:	END VARIABLES GLOBAL	sts:SIN_ERROR

0094:	BEGIN PANTALLA 00,	sts:SIN_ERROR

00AC:	BEGIN CAMPO	CTEXT:00, sts:SIN_ERROR

00CA:	BEGIN CAMPO	CTEXT:01, sts:SIN_ERROR

00EA:	BEGIN CAMPO	MTEXT:02, sts:SIN_ERROR

0100:	BEGIN CAMPO	CTEXT:03, sts:SIN_ERROR

011E:	BEGIN CAMPO	CTEXT:04, sts:SIN_ERROR

0136:	BEGIN CAMPO	NUMERICO:05, sts:SIN_ERROR

013A:	OPCODE: EDIT_FLAGS,len:2, npar:1, par1:0000, sts:SIN_ERROR

013E:	OPCODE: RANGOX,len:4, npar:2, par1:0800, par2:0000, sts:SIN_ERROR

0144:	OPCODE: GAIN,len:4, npar:2, par1:3F80, par2:0000, sts:SIN_ERROR

014A:	OPCODE: OFFSET,len:4, npar:2, par1:0000, par2:0000, sts:SIN_ERROR

0150:	OPCODE: MAX,len:4, npar:2, par1:42C6, par2:0000, sts:SIN_ERROR

0156:	OPCODE: MIN,len:4, npar:2, par1:C2C6, par2:0000, sts:SIN_ERROR

015C:	OPCODE: LRA_CODE,len:6, npar:3, par1:0064, par2:0100, par3:0031, sts:SIN_ERROR

0164:	OPCODE: FORMAT_DISPLAY,len:4, npar:2, par1:832A, par2:0008, sts:SIN_ERROR

0168:	END CAMPO NUMERICO: 05, sts:SIN_ERROR

016A:	BEGIN CAMPO	CTEXT:06, sts:SIN_ERROR

017A:	END PANTALLA 00,	sts:SIN_ERROR

017C:	BEGIN PANTALLA 16,	sts:SIN_ERROR

0194:	BEGIN CAMPO	MTEXT:00, sts:SIN_ERROR

01AE:	BEGIN CAMPO	MTDIGITAL:01, sts:SIN_ERROR

01B0:	END CAMPO MTDIGITAL: 01, sts:SIN_ERROR

01B2:	BEGIN CAMPO	MTEXT:02, sts:SIN_ERROR

01CA:	BEGIN CAMPO	MTEXT:03, sts:SIN_ERROR

01E6:	BEGIN CAMPO	MTEXT:04, sts:SIN_ERROR

0202:	BEGIN CAMPO	CTEXT:05, sts:SIN_ERROR

0222:	END PANTALLA 16,	sts:SIN_ERROR

0094:	BEGIN PANTALLA 00,	sts:SIN_ERROR

00AC:	BEGIN CAMPO	CTEXT:00, sts:SIN_ERROR

00CA:	BEGIN CAMPO	CTEXT:01, sts:SIN_ERROR

00EA:	BEGIN CAMPO	MTEXT:02, sts:SIN_ERROR

0100:	BEGIN CAMPO	CTEXT:03, sts:SIN_ERROR

011E:	BEGIN CAMPO	CTEXT:04, sts:SIN_ERROR

0136:	BEGIN CAMPO	NUMERICO:05, sts:SIN_ERROR

013A:	OPCODE: EDIT_FLAGS,len:2, npar:1, par1:0000, sts:SIN_ERROR

013E:	OPCODE: RANGOX,len:4, npar:2, par1:0800, par2:0000, sts:SIN_ERROR

0144:	OPCODE: GAIN,len:4, npar:2, par1:3F80, par2:0000, sts:SIN_ERROR

014A:	OPCODE: OFFSET,len:4, npar:2, par1:0000, par2:0000, sts:SIN_ERROR

0150:	OPCODE: MAX,len:4, npar:2, par1:42C6, par2:0000, sts:SIN_ERROR

0156:	OPCODE: MIN,len:4, npar:2, par1:C2C6, par2:0000, sts:SIN_ERROR

015C:	OPCODE: LRA_CODE,len:6, npar:3, par1:0064, par2:0100, par3:0031, sts:SIN_ERROR

0164:	OPCODE: FORMAT_DISPLAY,len:4, npar:2, par1:832A, par2:0008, sts:SIN_ERROR

0168:	END CAMPO NUMERICO: 05, sts:SIN_ERROR

016A:	BEGIN CAMPO	CTEXT:06, sts:SIN_ERROR

017A:	END PANTALLA 00,	sts:SIN_ERROR

017C:	BEGIN PANTALLA 16,	sts:SIN_ERROR

0194:	BEGIN CAMPO	MTEXT:00, sts:SIN_ERROR

01AE:	BEGIN CAMPO	MTDIGITAL:01, sts:SIN_ERROR

01B0:	END CAMPO MTDIGITAL: 01, sts:SIN_ERROR

01B2:	BEGIN CAMPO	MTEXT:02, sts:SIN_ERROR

01CA:	BEGIN CAMPO	MTEXT:03, sts:SIN_ERROR

01E6:	BEGIN CAMPO	MTEXT:04, sts:SIN_ERROR

0202:	BEGIN CAMPO	CTEXT:05, sts:SIN_ERROR

0222:	END PANTALLA 16,	sts:SIN_ERROR

Start SimOpm1 en PC: 25-Apr-2005; Mon 05:16:21 PM

0084:	BEGIN VARIABLES GLOBAL	sts:SIN_ERROR

0088:	OPCODE: TDISPLAY, len:2, sts:SIN_ERROR

0090:	OPCODE: LRA_CODE, len:6, sts:SIN_ERROR

0092:	END VARIABLES GLOBAL	sts:SIN_ERROR

0094:	BEGIN PANTALLA 00,	sts:SIN_ERROR

00AC:	BEGIN CAMPO	CTEXT:00, sts:SIN_ERROR

00CA:	BEGIN CAMPO	CTEXT:01, sts:SIN_ERROR

00EA:	BEGIN CAMPO	MTEXT:02, sts:SIN_ERROR

0100:	BEGIN CAMPO	CTEXT:03, sts:SIN_ERROR

011E:	BEGIN CAMPO	CTEXT:04, sts:SIN_ERROR

0136:	BEGIN CAMPO	NUMERICO:05, sts:SIN_ERROR

013A:	OPCODE: EDIT_FLAGS,len:2, npar:1, par1:0000, sts:SIN_ERROR

013E:	OPCODE: RANGOX,len:4, npar:2, par1:0800, par2:0000, sts:SIN_ERROR

0144:	OPCODE: GAIN,len:4, npar:2, par1:3F80, par2:0000, sts:SIN_ERROR

014A:	OPCODE: OFFSET,len:4, npar:2, par1:0000, par2:0000, sts:SIN_ERROR

0150:	OPCODE: MAX,len:4, npar:2, par1:42C6, par2:0000, sts:SIN_ERROR

0156:	OPCODE: MIN,len:4, npar:2, par1:C2C6, par2:0000, sts:SIN_ERROR

015C:	OPCODE: LRA_CODE,len:6, npar:3, par1:0064, par2:0100, par3:0031, sts:SIN_ERROR

0164:	OPCODE: FORMAT_DISPLAY,len:4, npar:2, par1:832A, par2:0008, sts:SIN_ERROR

0168:	END CAMPO NUMERICO: 05, sts:SIN_ERROR

016A:	BEGIN CAMPO	CTEXT:06, sts:SIN_ERROR

017A:	END PANTALLA 00,	sts:SIN_ERROR

Start SimOpm1 en PC: 25-Apr-2005; Mon 05:16:29 PM

0084:	BEGIN VARIABLES GLOBAL	sts:SIN_ERROR

0088:	OPCODE: TDISPLAY, len:2, sts:SIN_ERROR

0090:	OPCODE: LRA_CODE, len:6, sts:SIN_ERROR

0092:	END VARIABLES GLOBAL	sts:SIN_ERROR

0094:	BEGIN PANTALLA 00,	sts:SIN_ERROR

00AC:	BEGIN CAMPO	CTEXT:00, sts:SIN_ERROR

00CA:	BEGIN CAMPO	CTEXT:01, sts:SIN_ERROR

00EA:	BEGIN CAMPO	MTEXT:02, sts:SIN_ERROR

0100:	BEGIN CAMPO	CTEXT:03, sts:SIN_ERROR

011E:	BEGIN CAMPO	CTEXT:04, sts:SIN_ERROR

0136:	BEGIN CAMPO	NUMERICO:05, sts:SIN_ERROR

013A:	OPCODE: EDIT_FLAGS,len:2, npar:1, par1:0000, sts:SIN_ERROR

013E:	OPCODE: RANGOX,len:4, npar:2, par1:0800, par2:0000, sts:SIN_ERROR

0144:	OPCODE: GAIN,len:4, npar:2, par1:3F80, par2:0000, sts:SIN_ERROR

014A:	OPCODE: OFFSET,len:4, npar:2, par1:0000, par2:0000, sts:SIN_ERROR

0150:	OPCODE: MAX,len:4, npar:2, par1:42C6, par2:0000, sts:SIN_ERROR

0156:	OPCODE: MIN,len:4, npar:2, par1:C2C6, par2:0000, sts:SIN_ERROR

015C:	OPCODE: LRA_CODE,len:6, npar:3, par1:0064, par2:0100, par3:0031, sts:SIN_ERROR

0164:	OPCODE: FORMAT_DISPLAY,len:4, npar:2, par1:832A, par2:0008, sts:SIN_ERROR

0168:	END CAMPO NUMERICO: 05, sts:SIN_ERROR

016A:	BEGIN CAMPO	CTEXT:06, sts:SIN_ERROR

017A:	END PANTALLA 00,	sts:SIN_ERROR

Start SimOpm1 en PC: 25-Apr-2005; Mon 05:16:41 PM

0084:	BEGIN VARIABLES GLOBAL	sts:SIN_ERROR

0088:	OPCODE: TDISPLAY, len:2, sts:SIN_ERROR

0090:	OPCODE: LRA_CODE, len:6, sts:SIN_ERROR

0092:	END VARIABLES GLOBAL	sts:SIN_ERROR

0094:	BEGIN PANTALLA 00,	sts:SIN_ERROR

00AC:	BEGIN CAMPO	CTEXT:00, sts:SIN_ERROR

00CA:	BEGIN CAMPO	CTEXT:01, sts:SIN_ERROR

00EA:	BEGIN CAMPO	MTEXT:02, sts:SIN_ERROR

0100:	BEGIN CAMPO	CTEXT:03, sts:SIN_ERROR

011E:	BEGIN CAMPO	CTEXT:04, sts:SIN_ERROR

0136:	BEGIN CAMPO	NUMERICO:05, sts:SIN_ERROR

013A:	OPCODE: EDIT_FLAGS,len:2, npar:1, par1:0000, sts:SIN_ERROR

013E:	OPCODE: RANGOX,len:4, npar:2, par1:0800, par2:0000, sts:SIN_ERROR

0144:	OPCODE: GAIN,len:4, npar:2, par1:3F80, par2:0000, sts:SIN_ERROR

014A:	OPCODE: OFFSET,len:4, npar:2, par1:0000, par2:0000, sts:SIN_ERROR

0150:	OPCODE: MAX,len:4, npar:2, par1:42C6, par2:0000, sts:SIN_ERROR

0156:	OPCODE: MIN,len:4, npar:2, par1:C2C6, par2:0000, sts:SIN_ERROR

015C:	OPCODE: LRA_CODE,len:6, npar:3, par1:0064, par2:0100, par3:0031, sts:SIN_ERROR

0164:	OPCODE: FORMAT_DISPLAY,len:4, npar:2, par1:832A, par2:0008, sts:SIN_ERROR

0168:	END CAMPO NUMERICO: 05, sts:SIN_ERROR

016A:	BEGIN CAMPO	CTEXT:06, sts:SIN_ERROR

017A:	END PANTALLA 00,	sts:SIN_ERROR

Start SimOpm1 en PC: 25-Apr-2005; Mon 05:18:14 PM

0084:	BEGIN VARIABLES GLOBAL	sts:SIN_ERROR

0088:	OPCODE: TDISPLAY, len:2, sts:SIN_ERROR

0090:	OPCODE: LRA_CODE, len:6, sts:SIN_ERROR

0092:	END VARIABLES GLOBAL	sts:SIN_ERROR

0094:	BEGIN PANTALLA 00,	sts:SIN_ERROR

00AC:	BEGIN CAMPO	CTEXT:00, sts:SIN_ERROR

00CA:	BEGIN CAMPO	CTEXT:01, sts:SIN_ERROR

00EA:	BEGIN CAMPO	MTEXT:02, sts:SIN_ERROR

0100:	BEGIN CAMPO	CTEXT:03, sts:SIN_ERROR

011E:	BEGIN CAMPO	CTEXT:04, sts:SIN_ERROR

0136:	BEGIN CAMPO	NUMERICO:05, sts:SIN_ERROR

013A:	OPCODE: EDIT_FLAGS,len:2, npar:1, par1:0000, sts:SIN_ERROR

013E:	OPCODE: RANGOX,len:4, npar:2, par1:0800, par2:0000, sts:SIN_ERROR

0144:	OPCODE: GAIN,len:4, npar:2, par1:3F80, par2:0000, sts:SIN_ERROR

014A:	OPCODE: OFFSET,len:4, npar:2, par1:0000, par2:0000, sts:SIN_ERROR

0150:	OPCODE: MAX,len:4, npar:2, par1:42C6, par2:0000, sts:SIN_ERROR

0156:	OPCODE: MIN,len:4, npar:2, par1:C2C6, par2:0000, sts:SIN_ERROR

015C:	OPCODE: LRA_CODE,len:6, npar:3, par1:0064, par2:0100, par3:0031, sts:SIN_ERROR

0164:	OPCODE: FORMAT_DISPLAY,len:4, npar:2, par1:832A, par2:0008, sts:SIN_ERROR

0168:	END CAMPO NUMERICO: 05, sts:SIN_ERROR

016A:	BEGIN CAMPO	CTEXT:06, sts:SIN_ERROR

017A:	END PANTALLA 00,	sts:SIN_ERROR

Start SimOpm1 en PC: 25-Apr-2005; Mon 05:24:16 PM

0084:	BEGIN VARIABLES GLOBAL	sts:SIN_ERROR

0088:	OPCODE: TDISPLAY, len:2, sts:SIN_ERROR

0090:	OPCODE: LRA_CODE, len:6, sts:SIN_ERROR

0092:	END VARIABLES GLOBAL	sts:SIN_ERROR

0094:	BEGIN PANTALLA 00,	sts:SIN_ERROR

00AC:	BEGIN CAMPO	CTEXT:00, sts:SIN_ERROR

00CA:	BEGIN CAMPO	CTEXT:01, sts:SIN_ERROR

00EA:	BEGIN CAMPO	MTEXT:02, sts:SIN_ERROR

0100:	BEGIN CAMPO	CTEXT:03, sts:SIN_ERROR

011E:	BEGIN CAMPO	CTEXT:04, sts:SIN_ERROR

0136:	BEGIN CAMPO	NUMERICO:05, sts:SIN_ERROR

013A:	OPCODE: EDIT_FLAGS,len:2, npar:1, par1:0000, sts:SIN_ERROR

013E:	OPCODE: RANGOX,len:4, npar:2, par1:0800, par2:0000, sts:SIN_ERROR

0144:	OPCODE: GAIN,len:4, npar:2, par1:3F80, par2:0000, sts:SIN_ERROR

014A:	OPCODE: OFFSET,len:4, npar:2, par1:0000, par2:0000, sts:SIN_ERROR

0150:	OPCODE: MAX,len:4, npar:2, par1:42C6, par2:0000, sts:SIN_ERROR

0156:	OPCODE: MIN,len:4, npar:2, par1:C2C6, par2:0000, sts:SIN_ERROR

015C:	OPCODE: LRA_CODE,len:6, npar:3, par1:0064, par2:0100, par3:0031, sts:SIN_ERROR

0164:	OPCODE: FORMAT_DISPLAY,len:4, npar:2, par1:8328, par2:0008, sts:SIN_ERROR

0168:	END CAMPO NUMERICO: 05, sts:SIN_ERROR

016A:	BEGIN CAMPO	CTEXT:06, sts:SIN_ERROR

017A:	END PANTALLA 00,	sts:SIN_ERROR

017C:	BEGIN PANTALLA 16,	sts:SIN_ERROR

0194:	BEGIN CAMPO	MTEXT:00, sts:SIN_ERROR

01AE:	BEGIN CAMPO	MTDIGITAL:01, sts:SIN_ERROR

01B0:	END CAMPO MTDIGITAL: 01, sts:SIN_ERROR

01B2:	BEGIN CAMPO	MTEXT:02, sts:SIN_ERROR

01CA:	BEGIN CAMPO	MTEXT:03, sts:SIN_ERROR

01E6:	BEGIN CAMPO	MTEXT:04, sts:SIN_ERROR

0202:	BEGIN CAMPO	CTEXT:05, sts:SIN_ERROR

0222:	END PANTALLA 16,	sts:SIN_ERROR

0094:	BEGIN PANTALLA 00,	sts:SIN_ERROR

00AC:	BEGIN CAMPO	CTEXT:00, sts:SIN_ERROR

00CA:	BEGIN CAMPO	CTEXT:01, sts:SIN_ERROR

00EA:	BEGIN CAMPO	MTEXT:02, sts:SIN_ERROR

0100:	BEGIN CAMPO	CTEXT:03, sts:SIN_ERROR

011E:	BEGIN CAMPO	CTEXT:04, sts:SIN_ERROR

0136:	BEGIN CAMPO	NUMERICO:05, sts:SIN_ERROR

013A:	OPCODE: EDIT_FLAGS,len:2, npar:1, par1:0000, sts:SIN_ERROR

013E:	OPCODE: RANGOX,len:4, npar:2, par1:0800, par2:0000, sts:SIN_ERROR

0144:	OPCODE: GAIN,len:4, npar:2, par1:3F80, par2:0000, sts:SIN_ERROR

014A:	OPCODE: OFFSET,len:4, npar:2, par1:0000, par2:0000, sts:SIN_ERROR

0150:	OPCODE: MAX,len:4, npar:2, par1:42C6, par2:0000, sts:SIN_ERROR

0156:	OPCODE: MIN,len:4, npar:2, par1:C2C6, par2:0000, sts:SIN_ERROR

015C:	OPCODE: LRA_CODE,len:6, npar:3, par1:0064, par2:0100, par3:0031, sts:SIN_ERROR

0164:	OPCODE: FORMAT_DISPLAY,len:4, npar:2, par1:8328, par2:0008, sts:SIN_ERROR

0168:	END CAMPO NUMERICO: 05, sts:SIN_ERROR

016A:	BEGIN CAMPO	CTEXT:06, sts:SIN_ERROR

017A:	END PANTALLA 00,	sts:SIN_ERROR

017C:	BEGIN PANTALLA 16,	sts:SIN_ERROR

0194:	BEGIN CAMPO	MTEXT:00, sts:SIN_ERROR

01AE:	BEGIN CAMPO	MTDIGITAL:01, sts:SIN_ERROR

01B0:	END CAMPO MTDIGITAL: 01, sts:SIN_ERROR

01B2:	BEGIN CAMPO	MTEXT:02, sts:SIN_ERROR

01CA:	BEGIN CAMPO	MTEXT:03, sts:SIN_ERROR

01E6:	BEGIN CAMPO	MTEXT:04, sts:SIN_ERROR

0202:	BEGIN CAMPO	CTEXT:05, sts:SIN_ERROR

0222:	END PANTALLA 16,	sts:SIN_ERROR

