Línea 50: la clase EDITPO900.ptrpant del control p_pant no era una clase de control cargada.
Línea 62: la clase EDITPO900.ptrpant del control p_pant no era una clase de control cargada.
Línea 74: la clase EDITPO900.ptrpant del control p_pant no era una clase de control cargada.
Línea 86: la clase EDITPO900.ptrpant del control p_pant no era una clase de control cargada.
Línea 98: la clase EDITPO900.ptrpant del control p_pant no era una clase de control cargada.
Línea 110: la clase EDITPO900.ptrpant del control p_pant no era una clase de control cargada.
Línea 122: la clase EDITPO900.ptrpant del control p_pant no era una clase de control cargada.
Línea 134: la clase EDITPO900.ptrpant del control p_pant no era una clase de control cargada.
Línea 146: la clase EDITPO900.ptrpant del control p_pant no era una clase de control cargada.
Línea 158: la clase EDITPO900.ptrpant del control p_pant no era una clase de control cargada.
Línea 170: la clase EDITPO900.ptrpant del control p_pant no era una clase de control cargada.
Línea 182: la clase EDITPO900.ptrpant del control p_pant no era una clase de control cargada.
Línea 194: la clase EDITPO900.ptrpant del control p_pant no era una clase de control cargada.
Línea 206: la clase EDITPO900.ptrpant del control p_pant no era una clase de control cargada.
Línea 218: la clase EDITPO900.ptrpant del control p_pant no era una clase de control cargada.
Línea 230: la clase EDITPO900.ptrpant del control p_pant no era una clase de control cargada.
Línea 242: la clase EDITPO900.ptrpant del control p_pant no era una clase de control cargada.
Línea 254: la clase EDITPO900.ptrpant del control p_pant no era una clase de control cargada.
Línea 266: la clase EDITPO900.ptrpant del control p_pant no era una clase de control cargada.
Línea 278: la clase EDITPO900.ptrpant del control p_pant no era una clase de control cargada.
Línea 290: la clase EDITPO900.ptrpant del control p_pant no era una clase de control cargada.
Línea 302: la clase EDITPO900.ptrpant del control p_pant no era una clase de control cargada.
Línea 314: la clase EDITPO900.ptrpant del control p_pant no era una clase de control cargada.
Línea 326: la clase EDITPO900.ptrpant del control p_pant no era una clase de control cargada.
Línea 338: la clase EDITPO900.ptrpant del control p_pant no era una clase de control cargada.
Línea 350: la clase EDITPO900.ptrpant del control p_pant no era una clase de control cargada.
Línea 362: la clase EDITPO900.ptrpant del control p_pant no era una clase de control cargada.
Línea 374: la clase EDITPO900.ptrpant del control p_pant no era una clase de control cargada.
Línea 386: la clase EDITPO900.ptrpant del control p_pant no era una clase de control cargada.
Línea 398: la clase EDITPO900.ptrpant del control p_pant no era una clase de control cargada.
Línea 410: la clase EDITPO900.ptrpant del control p_pant no era una clase de control cargada.
Línea 422: la clase EDITPO900.ptrpant del control p_pant no era una clase de control cargada.
Línea 434: la clase EDITPO900.ptrpant del control p_pant no era una clase de control cargada.
Línea 446: la clase EDITPO900.ptrpant del control p_pant no era una clase de control cargada.
Línea 458: la clase EDITPO900.ptrpant del control p_pant no era una clase de control cargada.
Línea 470: la clase EDITPO900.ptrpant del control p_pant no era una clase de control cargada.
Línea 482: la clase EDITPO900.ptrpant del control p_pant no era una clase de control cargada.
Línea 494: la clase EDITPO900.ptrpant del control p_pant no era una clase de control cargada.
Línea 506: la clase EDITPO900.ptrpant del control p_pant no era una clase de control cargada.
Línea 518: la clase EDITPO900.ptrpant del control p_pant no era una clase de control cargada.
Línea 530: la clase EDITPO900.ptrpant del control p_pant no era una clase de control cargada.
Línea 542: la clase EDITPO900.ptrpant del control p_pant no era una clase de control cargada.
Línea 554: la clase EDITPO900.ptrpant del control p_pant no era una clase de control cargada.
Línea 566: la clase EDITPO900.ptrpant del control p_pant no era una clase de control cargada.
Línea 578: la clase EDITPO900.ptrpant del control p_pant no era una clase de control cargada.
Línea 590: la clase EDITPO900.ptrpant del control p_pant no era una clase de control cargada.
Línea 602: la clase EDITPO900.ptrpant del control p_pant no era una clase de control cargada.
Línea 614: la clase EDITPO900.ptrpant del control p_pant no era una clase de control cargada.
Línea 626: la clase EDITPO900.ptrpant del control p_pant no era una clase de control cargada.
Línea 638: la clase EDITPO900.ptrpant del control p_pant no era una clase de control cargada.
Línea 650: la clase EDITPO900.ptrpant del control p_pant no era una clase de control cargada.
Línea 662: la clase EDITPO900.ptrpant del control p_pant no era una clase de control cargada.
Línea 674: la clase EDITPO900.ptrpant del control p_pant no era una clase de control cargada.
Línea 686: la clase EDITPO900.ptrpant del control p_pant no era una clase de control cargada.
Línea 698: la clase EDITPO900.ptrpant del control p_pant no era una clase de control cargada.
Línea 710: la clase EDITPO900.ptrpant del control p_pant no era una clase de control cargada.
Línea 722: la clase EDITPO900.ptrpant del control p_pant no era una clase de control cargada.
Línea 734: la clase EDITPO900.ptrpant del control p_pant no era una clase de control cargada.
Línea 746: la clase EDITPO900.ptrpant del control p_pant no era una clase de control cargada.
Línea 758: la clase EDITPO900.ptrpant del control p_pant no era una clase de control cargada.
Línea 770: la clase EDITPO900.ptrpant del control p_pant no era una clase de control cargada.
Línea 782: la clase EDITPO900.ptrpant del control p_pant no era una clase de control cargada.
Línea 794: la clase EDITPO900.ptrpant del control p_pant no era una clase de control cargada.
Línea 806: la clase EDITPO900.ptrpant del control p_pant no era una clase de control cargada.
Línea 818: la clase EDITPO900.ptrpant del control p_pant no era una clase de control cargada.
Línea 830: la clase EDITPO900.ptrpant del control p_pant no era una clase de control cargada.
Línea 842: la clase EDITPO900.ptrpant del control p_pant no era una clase de control cargada.
Línea 854: la clase EDITPO900.ptrpant del control p_pant no era una clase de control cargada.
Línea 866: la clase EDITPO900.ptrpant del control p_pant no era una clase de control cargada.
Línea 878: la clase EDITPO900.ptrpant del control p_pant no era una clase de control cargada.
Línea 890: la clase EDITPO900.ptrpant del control p_pant no era una clase de control cargada.
Línea 902: la clase EDITPO900.ptrpant del control p_pant no era una clase de control cargada.
Línea 914: la clase EDITPO900.ptrpant del control p_pant no era una clase de control cargada.
Línea 926: la clase EDITPO900.ptrpant del control p_pant no era una clase de control cargada.
Línea 938: la clase EDITPO900.ptrpant del control p_pant no era una clase de control cargada.
Línea 950: la clase EDITPO900.ptrpant del control p_pant no era una clase de control cargada.
Línea 962: la clase EDITPO900.ptrpant del control p_pant no era una clase de control cargada.
Línea 974: la clase EDITPO900.ptrpant del control p_pant no era una clase de control cargada.
Línea 986: la clase EDITPO900.ptrpant del control p_pant no era una clase de control cargada.
Línea 998: la clase EDITPO900.ptrpant del control p_pant no era una clase de control cargada.
Línea 1010: la clase EDITPO900.ptrpant del control p_pant no era una clase de control cargada.
Línea 1022: la clase EDITPO900.ptrpant del control p_pant no era una clase de control cargada.
Línea 1034: la clase EDITPO900.ptrpant del control p_pant no era una clase de control cargada.
Línea 1046: la clase EDITPO900.ptrpant del control p_pant no era una clase de control cargada.
Línea 1058: la clase EDITPO900.ptrpant del control p_pant no era una clase de control cargada.
Línea 1070: la clase EDITPO900.ptrpant del control p_pant no era una clase de control cargada.
Línea 1082: la clase EDITPO900.ptrpant del control p_pant no era una clase de control cargada.
Línea 1094: la clase EDITPO900.ptrpant del control p_pant no era una clase de control cargada.
Línea 1106: la clase EDITPO900.ptrpant del control p_pant no era una clase de control cargada.
Línea 1118: la clase EDITPO900.ptrpant del control p_pant no era una clase de control cargada.
Línea 1130: la clase EDITPO900.ptrpant del control p_pant no era una clase de control cargada.
Línea 1142: la clase EDITPO900.ptrpant del control p_pant no era una clase de control cargada.
Línea 1154: la clase EDITPO900.ptrpant del control p_pant no era una clase de control cargada.
Línea 1166: la clase EDITPO900.ptrpant del control p_pant no era una clase de control cargada.
Línea 1178: la clase EDITPO900.ptrpant del control p_pant no era una clase de control cargada.
Línea 1190: la clase EDITPO900.ptrpant del control p_pant no era una clase de control cargada.
Línea 1202: la clase EDITPO900.ptrpant del control p_pant no era una clase de control cargada.
Línea 1214: la clase EDITPO900.ptrpant del control p_pant no era una clase de control cargada.
Línea 1226: la clase EDITPO900.ptrpant del control p_pant no era una clase de control cargada.
Línea 1238: la clase EDITPO900.ptrpant del control p_pant no era una clase de control cargada.
Línea 1250: la clase EDITPO900.ptrpant del control p_pant no era una clase de control cargada.
Línea 1262: la clase EDITPO900.ptrpant del control p_pant no era una clase de control cargada.
Línea 1274: la clase EDITPO900.ptrpant del control p_pant no era una clase de control cargada.
Línea 1286: la clase EDITPO900.ptrpant del control p_pant no era una clase de control cargada.
Línea 1298: la clase EDITPO900.ptrpant del control p_pant no era una clase de control cargada.
Línea 1310: la clase EDITPO900.ptrpant del control p_pant no era una clase de control cargada.
Línea 1322: la clase EDITPO900.ptrpant del control p_pant no era una clase de control cargada.
Línea 1334: la clase EDITPO900.ptrpant del control p_pant no era una clase de control cargada.
Línea 1346: la clase EDITPO900.ptrpant del control p_pant no era una clase de control cargada.
Línea 1358: la clase EDITPO900.ptrpant del control p_pant no era una clase de control cargada.
Línea 1370: la clase EDITPO900.ptrpant del control p_pant no era una clase de control cargada.
Línea 1382: la clase EDITPO900.ptrpant del control p_pant no era una clase de control cargada.
Línea 1394: la clase EDITPO900.ptrpant del control p_pant no era una clase de control cargada.
Línea 1406: la clase EDITPO900.ptrpant del control p_pant no era una clase de control cargada.
Línea 1418: la clase EDITPO900.ptrpant del control p_pant no era una clase de control cargada.
Línea 1430: la clase EDITPO900.ptrpant del control p_pant no era una clase de control cargada.
Línea 1442: la clase EDITPO900.ptrpant del control p_pant no era una clase de control cargada.
Línea 1454: la clase EDITPO900.ptrpant del control p_pant no era una clase de control cargada.
Línea 1466: la clase EDITPO900.ptrpant del control p_pant no era una clase de control cargada.
Línea 1478: la clase EDITPO900.ptrpant del control p_pant no era una clase de control cargada.
Línea 1490: la clase EDITPO900.ptrpant del control p_pant no era una clase de control cargada.
Línea 1502: la clase EDITPO900.ptrpant del control p_pant no era una clase de control cargada.
Línea 1514: la clase EDITPO900.ptrpant del control p_pant no era una clase de control cargada.
Línea 1526: la clase EDITPO900.ptrpant del control p_pant no era una clase de control cargada.
Línea 1538: la clase EDITPO900.ptrpant del control p_pant no era una clase de control cargada.
Línea 1550: la clase EDITPO900.ptrpant del control p_pant no era una clase de control cargada.
Línea 1562: la clase EDITPO900.ptrpant del control p_pant no era una clase de control cargada.
Línea 1574: la clase EDITPO900.ptrpant del control p_pant no era una clase de control cargada.
Línea 1586: la clase EDITPO900.ptrpant del control p_pant no era una clase de control cargada.
Línea 1598: la clase EDITPO900.ptrpant del control p_pant no era una clase de control cargada.
Línea 1610: la clase EDITPO900.ptrpant del control p_pant no era una clase de control cargada.
Línea 1622: la clase EDITPO900.ptrpant del control p_pant no era una clase de control cargada.
Línea 1634: la clase EDITPO900.ptrpant del control p_pant no era una clase de control cargada.
Línea 1646: la clase EDITPO900.ptrpant del control p_pant no era una clase de control cargada.
Línea 1658: la clase EDITPO900.ptrpant del control p_pant no era una clase de control cargada.
Línea 1670: la clase EDITPO900.ptrpant del control p_pant no era una clase de control cargada.
Línea 1682: la clase EDITPO900.ptrpant del control p_pant no era una clase de control cargada.
Línea 1694: la clase EDITPO900.ptrpant del control p_pant no era una clase de control cargada.
Línea 1706: la clase EDITPO900.ptrpant del control p_pant no era una clase de control cargada.
Línea 1718: la clase EDITPO900.ptrpant del control p_pant no era una clase de control cargada.
Línea 1730: la clase EDITPO900.ptrpant del control p_pant no era una clase de control cargada.
Línea 1742: la clase EDITPO900.ptrpant del control p_pant no era una clase de control cargada.
Línea 1754: la clase EDITPO900.ptrpant del control p_pant no era una clase de control cargada.
Línea 1766: la clase EDITPO900.ptrpant del control p_pant no era una clase de control cargada.
Línea 1778: la clase EDITPO900.ptrpant del control p_pant no era una clase de control cargada.
Línea 1790: la clase EDITPO900.ptrpant del control p_pant no era una clase de control cargada.
Línea 1802: la clase EDITPO900.ptrpant del control p_pant no era una clase de control cargada.
Línea 1814: la clase EDITPO900.ptrpant del control p_pant no era una clase de control cargada.
Línea 1826: la clase EDITPO900.ptrpant del control p_pant no era una clase de control cargada.
Línea 1838: la clase EDITPO900.ptrpant del control p_pant no era una clase de control cargada.
Línea 1850: la clase EDITPO900.ptrpant del control p_pant no era una clase de control cargada.
Línea 1862: la clase EDITPO900.ptrpant del control p_pant no era una clase de control cargada.
Línea 1874: la clase EDITPO900.ptrpant del control p_pant no era una clase de control cargada.
Línea 1886: la clase EDITPO900.ptrpant del control p_pant no era una clase de control cargada.
Línea 1898: la clase EDITPO900.ptrpant del control p_pant no era una clase de control cargada.
Línea 1910: la clase EDITPO900.ptrpant del control p_pant no era una clase de control cargada.
Línea 1922: la clase EDITPO900.ptrpant del control p_pant no era una clase de control cargada.
Línea 1934: la clase EDITPO900.ptrpant del control p_pant no era una clase de control cargada.
Línea 1946: la clase EDITPO900.ptrpant del control p_pant no era una clase de control cargada.
Línea 1958: la clase EDITPO900.ptrpant del control p_pant no era una clase de control cargada.
Línea 1970: la clase EDITPO900.ptrpant del control p_pant no era una clase de control cargada.
Línea 1982: la clase EDITPO900.ptrpant del control p_pant no era una clase de control cargada.
Línea 1994: la clase EDITPO900.ptrpant del control p_pant no era una clase de control cargada.
Línea 2006: la clase EDITPO900.ptrpant del control p_pant no era una clase de control cargada.
Línea 2018: la clase EDITPO900.ptrpant del control p_pant no era una clase de control cargada.
Línea 2030: la clase EDITPO900.ptrpant del control p_pant no era una clase de control cargada.
Línea 2042: la clase EDITPO900.ptrpant del control p_pant no era una clase de control cargada.
Línea 2054: la clase EDITPO900.ptrpant del control p_pant no era una clase de control cargada.
Línea 2066: la clase EDITPO900.ptrpant del control p_pant no era una clase de control cargada.
Línea 2078: la clase EDITPO900.ptrpant del control p_pant no era una clase de control cargada.
Línea 2090: la clase EDITPO900.ptrpant del control p_pant no era una clase de control cargada.
Línea 2102: la clase EDITPO900.ptrpant del control p_pant no era una clase de control cargada.
Línea 2114: la clase EDITPO900.ptrpant del control p_pant no era una clase de control cargada.
Línea 2126: la clase EDITPO900.ptrpant del control p_pant no era una clase de control cargada.
Línea 2138: la clase EDITPO900.ptrpant del control p_pant no era una clase de control cargada.
Línea 2150: la clase EDITPO900.ptrpant del control p_pant no era una clase de control cargada.
Línea 2162: la clase EDITPO900.ptrpant del control p_pant no era una clase de control cargada.
Línea 2174: la clase EDITPO900.ptrpant del control p_pant no era una clase de control cargada.
Línea 2186: la clase EDITPO900.ptrpant del control p_pant no era una clase de control cargada.
Línea 2198: la clase EDITPO900.ptrpant del control p_pant no era una clase de control cargada.
Línea 2210: la clase EDITPO900.ptrpant del control p_pant no era una clase de control cargada.
Línea 2222: la clase EDITPO900.ptrpant del control p_pant no era una clase de control cargada.
Línea 2234: la clase EDITPO900.ptrpant del control p_pant no era una clase de control cargada.
Línea 2246: la clase EDITPO900.ptrpant del control p_pant no era una clase de control cargada.
Línea 2258: la clase EDITPO900.ptrpant del control p_pant no era una clase de control cargada.
Línea 2270: la clase EDITPO900.ptrpant del control p_pant no era una clase de control cargada.
Línea 2282: la clase EDITPO900.ptrpant del control p_pant no era una clase de control cargada.
Línea 2294: la clase EDITPO900.ptrpant del control p_pant no era una clase de control cargada.
Línea 2306: la clase EDITPO900.ptrpant del control p_pant no era una clase de control cargada.
Línea 2318: la clase EDITPO900.ptrpant del control p_pant no era una clase de control cargada.
Línea 2330: la clase EDITPO900.ptrpant del control p_pant no era una clase de control cargada.
Línea 2342: la clase EDITPO900.ptrpant del control p_pant no era una clase de control cargada.
Línea 2354: la clase EDITPO900.ptrpant del control p_pant no era una clase de control cargada.
Línea 2366: la clase EDITPO900.ptrpant del control p_pant no era una clase de control cargada.
Línea 2378: la clase EDITPO900.ptrpant del control p_pant no era una clase de control cargada.
Línea 2390: la clase EDITPO900.ptrpant del control p_pant no era una clase de control cargada.
Línea 2402: la clase EDITPO900.ptrpant del control p_pant no era una clase de control cargada.
Línea 2414: la clase EDITPO900.ptrpant del control p_pant no era una clase de control cargada.
Línea 2426: la clase EDITPO900.ptrpant del control p_pant no era una clase de control cargada.
Línea 2438: la clase EDITPO900.ptrpant del control p_pant no era una clase de control cargada.
Línea 2450: la clase EDITPO900.ptrpant del control p_pant no era una clase de control cargada.
Línea 2462: la clase EDITPO900.ptrpant del control p_pant no era una clase de control cargada.
Línea 2474: la clase EDITPO900.ptrpant del control p_pant no era una clase de control cargada.
Línea 2486: la clase EDITPO900.ptrpant del control p_pant no era una clase de control cargada.
Línea 2498: la clase EDITPO900.ptrpant del control p_pant no era una clase de control cargada.
Línea 2510: la clase EDITPO900.ptrpant del control p_pant no era una clase de control cargada.
Línea 2522: la clase EDITPO900.ptrpant del control p_pant no era una clase de control cargada.
Línea 2534: la clase EDITPO900.ptrpant del control p_pant no era una clase de control cargada.
Línea 2546: la clase EDITPO900.ptrpant del control p_pant no era una clase de control cargada.
Línea 2558: la clase EDITPO900.ptrpant del control p_pant no era una clase de control cargada.
Línea 2570: la clase EDITPO900.ptrpant del control p_pant no era una clase de control cargada.
Línea 2582: la clase EDITPO900.ptrpant del control p_pant no era una clase de control cargada.
Línea 2594: la clase EDITPO900.ptrpant del control p_pant no era una clase de control cargada.
Línea 2606: la clase EDITPO900.ptrpant del control p_pant no era una clase de control cargada.
Línea 2618: la clase EDITPO900.ptrpant del control p_pant no era una clase de control cargada.
Línea 2630: la clase EDITPO900.ptrpant del control p_pant no era una clase de control cargada.
Línea 2642: la clase EDITPO900.ptrpant del control p_pant no era una clase de control cargada.
Línea 2654: la clase EDITPO900.ptrpant del control p_pant no era una clase de control cargada.
Línea 2666: la clase EDITPO900.ptrpant del control p_pant no era una clase de control cargada.
Línea 2678: la clase EDITPO900.ptrpant del control p_pant no era una clase de control cargada.
Línea 2690: la clase EDITPO900.ptrpant del control p_pant no era una clase de control cargada.
Línea 2702: la clase EDITPO900.ptrpant del control p_pant no era una clase de control cargada.
Línea 2714: la clase EDITPO900.ptrpant del control p_pant no era una clase de control cargada.
Línea 2726: la clase EDITPO900.ptrpant del control p_pant no era una clase de control cargada.
Línea 2738: la clase EDITPO900.ptrpant del control p_pant no era una clase de control cargada.
Línea 2750: la clase EDITPO900.ptrpant del control p_pant no era una clase de control cargada.
Línea 2762: la clase EDITPO900.ptrpant del control p_pant no era una clase de control cargada.
Línea 2774: la clase EDITPO900.ptrpant del control p_pant no era una clase de control cargada.
Línea 2786: la clase EDITPO900.ptrpant del control p_pant no era una clase de control cargada.
Línea 2798: la clase EDITPO900.ptrpant del control p_pant no era una clase de control cargada.
Línea 2810: la clase EDITPO900.ptrpant del control p_pant no era una clase de control cargada.
Línea 2822: la clase EDITPO900.ptrpant del control p_pant no era una clase de control cargada.
Línea 2834: la clase EDITPO900.ptrpant del control p_pant no era una clase de control cargada.
Línea 2846: la clase EDITPO900.ptrpant del control p_pant no era una clase de control cargada.
Línea 2858: la clase EDITPO900.ptrpant del control p_pant no era una clase de control cargada.
Línea 2870: la clase EDITPO900.ptrpant del control p_pant no era una clase de control cargada.
Línea 2882: la clase EDITPO900.ptrpant del control p_pant no era una clase de control cargada.
Línea 2894: la clase EDITPO900.ptrpant del control p_pant no era una clase de control cargada.
Línea 2906: la clase EDITPO900.ptrpant del control p_pant no era una clase de control cargada.
Línea 2918: la clase EDITPO900.ptrpant del control p_pant no era una clase de control cargada.
Línea 2930: la clase EDITPO900.ptrpant del control p_pant no era una clase de control cargada.
Línea 2942: la clase EDITPO900.ptrpant del control p_pant no era una clase de control cargada.
Línea 2954: la clase EDITPO900.ptrpant del control p_pant no era una clase de control cargada.
Línea 2966: la clase EDITPO900.ptrpant del control p_pant no era una clase de control cargada.
Línea 2978: la clase EDITPO900.ptrpant del control p_pant no era una clase de control cargada.
Línea 2990: la clase EDITPO900.ptrpant del control p_pant no era una clase de control cargada.
Línea 3002: la clase EDITPO900.ptrpant del control p_pant no era una clase de control cargada.
Línea 3014: la clase EDITPO900.ptrpant del control p_pant no era una clase de control cargada.
Línea 3026: la clase EDITPO900.ptrpant del control p_pant no era una clase de control cargada.
Línea 3038: la clase EDITPO900.ptrpant del control p_pant no era una clase de control cargada.
Línea 3050: la clase EDITPO900.ptrpant del control p_pant no era una clase de control cargada.
Línea 3062: la clase EDITPO900.ptrpant del control p_pant no era una clase de control cargada.
Línea 3074: la clase EDITPO900.ptrpant del control p_pant no era una clase de control cargada.
Línea 3086: la clase EDITPO900.ptrpant del control p_pant no era una clase de control cargada.
Línea 3098: la clase EDITPO900.ptrpant del control p_pant no era una clase de control cargada.
Línea 3110: la clase EDITPO900.ptrpant del control p_pant no era una clase de control cargada.
Línea 58: el nombre de la propiedad _ExtentX de p_pant no es válido.
Línea 59: el nombre de la propiedad _ExtentY de p_pant no es válido.
Línea 60: el nombre de la propiedad BorderColor de p_pant no es válido.
Línea 70: el nombre de la propiedad _ExtentX de p_pant no es válido.
Línea 71: el nombre de la propiedad _ExtentY de p_pant no es válido.
Línea 72: el nombre de la propiedad BorderColor de p_pant no es válido.
Línea 82: el nombre de la propiedad _ExtentX de p_pant no es válido.
Línea 83: el nombre de la propiedad _ExtentY de p_pant no es válido.
Línea 84: el nombre de la propiedad BorderColor de p_pant no es válido.
Línea 94: el nombre de la propiedad _ExtentX de p_pant no es válido.
Línea 95: el nombre de la propiedad _ExtentY de p_pant no es válido.
Línea 96: el nombre de la propiedad BorderColor de p_pant no es válido.
Línea 106: el nombre de la propiedad _ExtentX de p_pant no es válido.
Línea 107: el nombre de la propiedad _ExtentY de p_pant no es válido.
Línea 108: el nombre de la propiedad BorderColor de p_pant no es válido.
Línea 118: el nombre de la propiedad _ExtentX de p_pant no es válido.
Línea 119: el nombre de la propiedad _ExtentY de p_pant no es válido.
Línea 120: el nombre de la propiedad BorderColor de p_pant no es válido.
Línea 130: el nombre de la propiedad _ExtentX de p_pant no es válido.
Línea 131: el nombre de la propiedad _ExtentY de p_pant no es válido.
Línea 132: el nombre de la propiedad BorderColor de p_pant no es válido.
Línea 142: el nombre de la propiedad _ExtentX de p_pant no es válido.
Línea 143: el nombre de la propiedad _ExtentY de p_pant no es válido.
Línea 144: el nombre de la propiedad BorderColor de p_pant no es válido.
Línea 154: el nombre de la propiedad _ExtentX de p_pant no es válido.
Línea 155: el nombre de la propiedad _ExtentY de p_pant no es válido.
Línea 156: el nombre de la propiedad BorderColor de p_pant no es válido.
Línea 166: el nombre de la propiedad _ExtentX de p_pant no es válido.
Línea 167: el nombre de la propiedad _ExtentY de p_pant no es válido.
Línea 168: el nombre de la propiedad BorderColor de p_pant no es válido.
Línea 178: el nombre de la propiedad _ExtentX de p_pant no es válido.
Línea 179: el nombre de la propiedad _ExtentY de p_pant no es válido.
Línea 180: el nombre de la propiedad BorderColor de p_pant no es válido.
Línea 190: el nombre de la propiedad _ExtentX de p_pant no es válido.
Línea 191: el nombre de la propiedad _ExtentY de p_pant no es válido.
Línea 192: el nombre de la propiedad BorderColor de p_pant no es válido.
Línea 202: el nombre de la propiedad _ExtentX de p_pant no es válido.
Línea 203: el nombre de la propiedad _ExtentY de p_pant no es válido.
Línea 204: el nombre de la propiedad BorderColor de p_pant no es válido.
Línea 214: el nombre de la propiedad _ExtentX de p_pant no es válido.
Línea 215: el nombre de la propiedad _ExtentY de p_pant no es válido.
Línea 216: el nombre de la propiedad BorderColor de p_pant no es válido.
Línea 226: el nombre de la propiedad _ExtentX de p_pant no es válido.
Línea 227: el nombre de la propiedad _ExtentY de p_pant no es válido.
Línea 228: el nombre de la propiedad BorderColor de p_pant no es válido.
Línea 238: el nombre de la propiedad _ExtentX de p_pant no es válido.
Línea 239: el nombre de la propiedad _ExtentY de p_pant no es válido.
Línea 240: el nombre de la propiedad BorderColor de p_pant no es válido.
Línea 250: el nombre de la propiedad _ExtentX de p_pant no es válido.
Línea 251: el nombre de la propiedad _ExtentY de p_pant no es válido.
Línea 252: el nombre de la propiedad BorderColor de p_pant no es válido.
Línea 262: el nombre de la propiedad _ExtentX de p_pant no es válido.
Línea 263: el nombre de la propiedad _ExtentY de p_pant no es válido.
Línea 264: el nombre de la propiedad BorderColor de p_pant no es válido.
Línea 274: el nombre de la propiedad _ExtentX de p_pant no es válido.
Línea 275: el nombre de la propiedad _ExtentY de p_pant no es válido.
Línea 276: el nombre de la propiedad BorderColor de p_pant no es válido.
Línea 286: el nombre de la propiedad _ExtentX de p_pant no es válido.
Línea 287: el nombre de la propiedad _ExtentY de p_pant no es válido.
Línea 288: el nombre de la propiedad BorderColor de p_pant no es válido.
Línea 298: el nombre de la propiedad _ExtentX de p_pant no es válido.
Línea 299: el nombre de la propiedad _ExtentY de p_pant no es válido.
Línea 300: el nombre de la propiedad BorderColor de p_pant no es válido.
Línea 310: el nombre de la propiedad _ExtentX de p_pant no es válido.
Línea 311: el nombre de la propiedad _ExtentY de p_pant no es válido.
Línea 312: el nombre de la propiedad BorderColor de p_pant no es válido.
Línea 322: el nombre de la propiedad _ExtentX de p_pant no es válido.
Línea 323: el nombre de la propiedad _ExtentY de p_pant no es válido.
Línea 324: el nombre de la propiedad BorderColor de p_pant no es válido.
Línea 334: el nombre de la propiedad _ExtentX de p_pant no es válido.
Línea 335: el nombre de la propiedad _ExtentY de p_pant no es válido.
Línea 336: el nombre de la propiedad BorderColor de p_pant no es válido.
Línea 346: el nombre de la propiedad _ExtentX de p_pant no es válido.
Línea 347: el nombre de la propiedad _ExtentY de p_pant no es válido.
Línea 348: el nombre de la propiedad BorderColor de p_pant no es válido.
Línea 358: el nombre de la propiedad _ExtentX de p_pant no es válido.
Línea 359: el nombre de la propiedad _ExtentY de p_pant no es válido.
Línea 360: el nombre de la propiedad BorderColor de p_pant no es válido.
Línea 370: el nombre de la propiedad _ExtentX de p_pant no es válido.
Línea 371: el nombre de la propiedad _ExtentY de p_pant no es válido.
Línea 372: el nombre de la propiedad BorderColor de p_pant no es válido.
Línea 382: el nombre de la propiedad _ExtentX de p_pant no es válido.
Línea 383: el nombre de la propiedad _ExtentY de p_pant no es válido.
Línea 384: el nombre de la propiedad BorderColor de p_pant no es válido.
Línea 394: el nombre de la propiedad _ExtentX de p_pant no es válido.
Línea 395: el nombre de la propiedad _ExtentY de p_pant no es válido.
Línea 396: el nombre de la propiedad BorderColor de p_pant no es válido.
Línea 406: el nombre de la propiedad _ExtentX de p_pant no es válido.
Línea 407: el nombre de la propiedad _ExtentY de p_pant no es válido.
Línea 408: el nombre de la propiedad BorderColor de p_pant no es válido.
Línea 418: el nombre de la propiedad _ExtentX de p_pant no es válido.
Línea 419: el nombre de la propiedad _ExtentY de p_pant no es válido.
Línea 420: el nombre de la propiedad BorderColor de p_pant no es válido.
Línea 430: el nombre de la propiedad _ExtentX de p_pant no es válido.
Línea 431: el nombre de la propiedad _ExtentY de p_pant no es válido.
Línea 432: el nombre de la propiedad BorderColor de p_pant no es válido.
Línea 442: el nombre de la propiedad _ExtentX de p_pant no es válido.
Línea 443: el nombre de la propiedad _ExtentY de p_pant no es válido.
Línea 444: el nombre de la propiedad BorderColor de p_pant no es válido.
Línea 454: el nombre de la propiedad _ExtentX de p_pant no es válido.
Línea 455: el nombre de la propiedad _ExtentY de p_pant no es válido.
Línea 456: el nombre de la propiedad BorderColor de p_pant no es válido.
Línea 466: el nombre de la propiedad _ExtentX de p_pant no es válido.
Línea 467: el nombre de la propiedad _ExtentY de p_pant no es válido.
Línea 468: el nombre de la propiedad BorderColor de p_pant no es válido.
Línea 478: el nombre de la propiedad _ExtentX de p_pant no es válido.
Línea 479: el nombre de la propiedad _ExtentY de p_pant no es válido.
Línea 480: el nombre de la propiedad BorderColor de p_pant no es válido.
Línea 490: el nombre de la propiedad _ExtentX de p_pant no es válido.
Línea 491: el nombre de la propiedad _ExtentY de p_pant no es válido.
Línea 492: el nombre de la propiedad BorderColor de p_pant no es válido.
Línea 502: el nombre de la propiedad _ExtentX de p_pant no es válido.
Línea 503: el nombre de la propiedad _ExtentY de p_pant no es válido.
Línea 504: el nombre de la propiedad BorderColor de p_pant no es válido.
Línea 514: el nombre de la propiedad _ExtentX de p_pant no es válido.
Línea 515: el nombre de la propiedad _ExtentY de p_pant no es válido.
Línea 516: el nombre de la propiedad BorderColor de p_pant no es válido.
Línea 526: el nombre de la propiedad _ExtentX de p_pant no es válido.
Línea 527: el nombre de la propiedad _ExtentY de p_pant no es válido.
Línea 528: el nombre de la propiedad BorderColor de p_pant no es válido.
Línea 538: el nombre de la propiedad _ExtentX de p_pant no es válido.
Línea 539: el nombre de la propiedad _ExtentY de p_pant no es válido.
Línea 540: el nombre de la propiedad BorderColor de p_pant no es válido.
Línea 550: el nombre de la propiedad _ExtentX de p_pant no es válido.
Línea 551: el nombre de la propiedad _ExtentY de p_pant no es válido.
Línea 552: el nombre de la propiedad BorderColor de p_pant no es válido.
Línea 562: el nombre de la propiedad _ExtentX de p_pant no es válido.
Línea 563: el nombre de la propiedad _ExtentY de p_pant no es válido.
Línea 564: el nombre de la propiedad BorderColor de p_pant no es válido.
Línea 574: el nombre de la propiedad _ExtentX de p_pant no es válido.
Línea 575: el nombre de la propiedad _ExtentY de p_pant no es válido.
Línea 576: el nombre de la propiedad BorderColor de p_pant no es válido.
Línea 586: el nombre de la propiedad _ExtentX de p_pant no es válido.
Línea 587: el nombre de la propiedad _ExtentY de p_pant no es válido.
Línea 588: el nombre de la propiedad BorderColor de p_pant no es válido.
Línea 598: el nombre de la propiedad _ExtentX de p_pant no es válido.
Línea 599: el nombre de la propiedad _ExtentY de p_pant no es válido.
Línea 600: el nombre de la propiedad BorderColor de p_pant no es válido.
Línea 610: el nombre de la propiedad _ExtentX de p_pant no es válido.
Línea 611: el nombre de la propiedad _ExtentY de p_pant no es válido.
Línea 612: el nombre de la propiedad BorderColor de p_pant no es válido.
Línea 622: el nombre de la propiedad _ExtentX de p_pant no es válido.
Línea 623: el nombre de la propiedad _ExtentY de p_pant no es válido.
Línea 624: el nombre de la propiedad BorderColor de p_pant no es válido.
Línea 634: el nombre de la propiedad _ExtentX de p_pant no es válido.
Línea 635: el nombre de la propiedad _ExtentY de p_pant no es válido.
Línea 636: el nombre de la propiedad BorderColor de p_pant no es válido.
Línea 646: el nombre de la propiedad _ExtentX de p_pant no es válido.
Línea 647: el nombre de la propiedad _ExtentY de p_pant no es válido.
Línea 648: el nombre de la propiedad BorderColor de p_pant no es válido.
Línea 658: el nombre de la propiedad _ExtentX de p_pant no es válido.
Línea 659: el nombre de la propiedad _ExtentY de p_pant no es válido.
Línea 660: el nombre de la propiedad BorderColor de p_pant no es válido.
Línea 670: el nombre de la propiedad _ExtentX de p_pant no es válido.
Línea 671: el nombre de la propiedad _ExtentY de p_pant no es válido.
Línea 672: el nombre de la propiedad BorderColor de p_pant no es válido.
Línea 682: el nombre de la propiedad _ExtentX de p_pant no es válido.
Línea 683: el nombre de la propiedad _ExtentY de p_pant no es válido.
Línea 684: el nombre de la propiedad BorderColor de p_pant no es válido.
Línea 694: el nombre de la propiedad _ExtentX de p_pant no es válido.
Línea 695: el nombre de la propiedad _ExtentY de p_pant no es válido.
Línea 696: el nombre de la propiedad BorderColor de p_pant no es válido.
Línea 706: el nombre de la propiedad _ExtentX de p_pant no es válido.
Línea 707: el nombre de la propiedad _ExtentY de p_pant no es válido.
Línea 708: el nombre de la propiedad BorderColor de p_pant no es válido.
Línea 718: el nombre de la propiedad _ExtentX de p_pant no es válido.
Línea 719: el nombre de la propiedad _ExtentY de p_pant no es válido.
Línea 720: el nombre de la propiedad BorderColor de p_pant no es válido.
Línea 730: el nombre de la propiedad _ExtentX de p_pant no es válido.
Línea 731: el nombre de la propiedad _ExtentY de p_pant no es válido.
Línea 732: el nombre de la propiedad BorderColor de p_pant no es válido.
Línea 742: el nombre de la propiedad _ExtentX de p_pant no es válido.
Línea 743: el nombre de la propiedad _ExtentY de p_pant no es válido.
Línea 744: el nombre de la propiedad BorderColor de p_pant no es válido.
Línea 754: el nombre de la propiedad _ExtentX de p_pant no es válido.
Línea 755: el nombre de la propiedad _ExtentY de p_pant no es válido.
Línea 756: el nombre de la propiedad BorderColor de p_pant no es válido.
Línea 766: el nombre de la propiedad _ExtentX de p_pant no es válido.
Línea 767: el nombre de la propiedad _ExtentY de p_pant no es válido.
Línea 768: el nombre de la propiedad BorderColor de p_pant no es válido.
Línea 778: el nombre de la propiedad _ExtentX de p_pant no es válido.
Línea 779: el nombre de la propiedad _ExtentY de p_pant no es válido.
Línea 780: el nombre de la propiedad BorderColor de p_pant no es válido.
Línea 790: el nombre de la propiedad _ExtentX de p_pant no es válido.
Línea 791: el nombre de la propiedad _ExtentY de p_pant no es válido.
Línea 792: el nombre de la propiedad BorderColor de p_pant no es válido.
Línea 802: el nombre de la propiedad _ExtentX de p_pant no es válido.
Línea 803: el nombre de la propiedad _ExtentY de p_pant no es válido.
Línea 804: el nombre de la propiedad BorderColor de p_pant no es válido.
Línea 814: el nombre de la propiedad _ExtentX de p_pant no es válido.
Línea 815: el nombre de la propiedad _ExtentY de p_pant no es válido.
Línea 816: el nombre de la propiedad BorderColor de p_pant no es válido.
Línea 826: el nombre de la propiedad _ExtentX de p_pant no es válido.
Línea 827: el nombre de la propiedad _ExtentY de p_pant no es válido.
Línea 828: el nombre de la propiedad BorderColor de p_pant no es válido.
Línea 838: el nombre de la propiedad _ExtentX de p_pant no es válido.
Línea 839: el nombre de la propiedad _ExtentY de p_pant no es válido.
Línea 840: el nombre de la propiedad BorderColor de p_pant no es válido.
Línea 850: el nombre de la propiedad _ExtentX de p_pant no es válido.
Línea 851: el nombre de la propiedad _ExtentY de p_pant no es válido.
Línea 852: el nombre de la propiedad BorderColor de p_pant no es válido.
Línea 862: el nombre de la propiedad _ExtentX de p_pant no es válido.
Línea 863: el nombre de la propiedad _ExtentY de p_pant no es válido.
Línea 864: el nombre de la propiedad BorderColor de p_pant no es válido.
Línea 874: el nombre de la propiedad _ExtentX de p_pant no es válido.
Línea 875: el nombre de la propiedad _ExtentY de p_pant no es válido.
Línea 876: el nombre de la propiedad BorderColor de p_pant no es válido.
Línea 886: el nombre de la propiedad _ExtentX de p_pant no es válido.
Línea 887: el nombre de la propiedad _ExtentY de p_pant no es válido.
Línea 888: el nombre de la propiedad BorderColor de p_pant no es válido.
Línea 898: el nombre de la propiedad _ExtentX de p_pant no es válido.
Línea 899: el nombre de la propiedad _ExtentY de p_pant no es válido.
Línea 900: el nombre de la propiedad BorderColor de p_pant no es válido.
Línea 910: el nombre de la propiedad _ExtentX de p_pant no es válido.
Línea 911: el nombre de la propiedad _ExtentY de p_pant no es válido.
Línea 912: el nombre de la propiedad BorderColor de p_pant no es válido.
Línea 922: el nombre de la propiedad _ExtentX de p_pant no es válido.
Línea 923: el nombre de la propiedad _ExtentY de p_pant no es válido.
Línea 924: el nombre de la propiedad BorderColor de p_pant no es válido.
Línea 934: el nombre de la propiedad _ExtentX de p_pant no es válido.
Línea 935: el nombre de la propiedad _ExtentY de p_pant no es válido.
Línea 936: el nombre de la propiedad BorderColor de p_pant no es válido.
Línea 946: el nombre de la propiedad _ExtentX de p_pant no es válido.
Línea 947: el nombre de la propiedad _ExtentY de p_pant no es válido.
Línea 948: el nombre de la propiedad BorderColor de p_pant no es válido.
Línea 958: el nombre de la propiedad _ExtentX de p_pant no es válido.
Línea 959: el nombre de la propiedad _ExtentY de p_pant no es válido.
Línea 960: el nombre de la propiedad BorderColor de p_pant no es válido.
Línea 970: el nombre de la propiedad _ExtentX de p_pant no es válido.
Línea 971: el nombre de la propiedad _ExtentY de p_pant no es válido.
Línea 972: el nombre de la propiedad BorderColor de p_pant no es válido.
Línea 982: el nombre de la propiedad _ExtentX de p_pant no es válido.
Línea 983: el nombre de la propiedad _ExtentY de p_pant no es válido.
Línea 984: el nombre de la propiedad BorderColor de p_pant no es válido.
Línea 994: el nombre de la propiedad _ExtentX de p_pant no es válido.
Línea 995: el nombre de la propiedad _ExtentY de p_pant no es válido.
Línea 996: el nombre de la propiedad BorderColor de p_pant no es válido.
Línea 1006: el nombre de la propiedad _ExtentX de p_pant no es válido.
Línea 1007: el nombre de la propiedad _ExtentY de p_pant no es válido.
Línea 1008: el nombre de la propiedad BorderColor de p_pant no es válido.
Línea 1018: el nombre de la propiedad _ExtentX de p_pant no es válido.
Línea 1019: el nombre de la propiedad _ExtentY de p_pant no es válido.
Línea 1020: el nombre de la propiedad BorderColor de p_pant no es válido.
Línea 1030: el nombre de la propiedad _ExtentX de p_pant no es válido.
Línea 1031: el nombre de la propiedad _ExtentY de p_pant no es válido.
Línea 1032: el nombre de la propiedad BorderColor de p_pant no es válido.
Línea 1042: el nombre de la propiedad _ExtentX de p_pant no es válido.
Línea 1043: el nombre de la propiedad _ExtentY de p_pant no es válido.
Línea 1044: el nombre de la propiedad BorderColor de p_pant no es válido.
Línea 1054: el nombre de la propiedad _ExtentX de p_pant no es válido.
Línea 1055: el nombre de la propiedad _ExtentY de p_pant no es válido.
Línea 1056: el nombre de la propiedad BorderColor de p_pant no es válido.
Línea 1066: el nombre de la propiedad _ExtentX de p_pant no es válido.
Línea 1067: el nombre de la propiedad _ExtentY de p_pant no es válido.
Línea 1068: el nombre de la propiedad BorderColor de p_pant no es válido.
Línea 1078: el nombre de la propiedad _ExtentX de p_pant no es válido.
Línea 1079: el nombre de la propiedad _ExtentY de p_pant no es válido.
Línea 1080: el nombre de la propiedad BorderColor de p_pant no es válido.
Línea 1090: el nombre de la propiedad _ExtentX de p_pant no es válido.
Línea 1091: el nombre de la propiedad _ExtentY de p_pant no es válido.
Línea 1092: el nombre de la propiedad BorderColor de p_pant no es válido.
Línea 1102: el nombre de la propiedad _ExtentX de p_pant no es válido.
Línea 1103: el nombre de la propiedad _ExtentY de p_pant no es válido.
Línea 1104: el nombre de la propiedad BorderColor de p_pant no es válido.
Línea 1114: el nombre de la propiedad _ExtentX de p_pant no es válido.
Línea 1115: el nombre de la propiedad _ExtentY de p_pant no es válido.
Línea 1116: el nombre de la propiedad BorderColor de p_pant no es válido.
Línea 1126: el nombre de la propiedad _ExtentX de p_pant no es válido.
Línea 1127: el nombre de la propiedad _ExtentY de p_pant no es válido.
Línea 1128: el nombre de la propiedad BorderColor de p_pant no es válido.
Línea 1138: el nombre de la propiedad _ExtentX de p_pant no es válido.
Línea 1139: el nombre de la propiedad _ExtentY de p_pant no es válido.
Línea 1140: el nombre de la propiedad BorderColor de p_pant no es válido.
Línea 1150: el nombre de la propiedad _ExtentX de p_pant no es válido.
Línea 1151: el nombre de la propiedad _ExtentY de p_pant no es válido.
Línea 1152: el nombre de la propiedad BorderColor de p_pant no es válido.
Línea 1162: el nombre de la propiedad _ExtentX de p_pant no es válido.
Línea 1163: el nombre de la propiedad _ExtentY de p_pant no es válido.
Línea 1164: el nombre de la propiedad BorderColor de p_pant no es válido.
Línea 1174: el nombre de la propiedad _ExtentX de p_pant no es válido.
Línea 1175: el nombre de la propiedad _ExtentY de p_pant no es válido.
Línea 1176: el nombre de la propiedad BorderColor de p_pant no es válido.
Línea 1186: el nombre de la propiedad _ExtentX de p_pant no es válido.
Línea 1187: el nombre de la propiedad _ExtentY de p_pant no es válido.
Línea 1188: el nombre de la propiedad BorderColor de p_pant no es válido.
Línea 1198: el nombre de la propiedad _ExtentX de p_pant no es válido.
Línea 1199: el nombre de la propiedad _ExtentY de p_pant no es válido.
Línea 1200: el nombre de la propiedad BorderColor de p_pant no es válido.
Línea 1210: el nombre de la propiedad _ExtentX de p_pant no es válido.
Línea 1211: el nombre de la propiedad _ExtentY de p_pant no es válido.
Línea 1212: el nombre de la propiedad BorderColor de p_pant no es válido.
Línea 1222: el nombre de la propiedad _ExtentX de p_pant no es válido.
Línea 1223: el nombre de la propiedad _ExtentY de p_pant no es válido.
Línea 1224: el nombre de la propiedad BorderColor de p_pant no es válido.
Línea 1234: el nombre de la propiedad _ExtentX de p_pant no es válido.
Línea 1235: el nombre de la propiedad _ExtentY de p_pant no es válido.
Línea 1236: el nombre de la propiedad BorderColor de p_pant no es válido.
Línea 1246: el nombre de la propiedad _ExtentX de p_pant no es válido.
Línea 1247: el nombre de la propiedad _ExtentY de p_pant no es válido.
Línea 1248: el nombre de la propiedad BorderColor de p_pant no es válido.
Línea 1258: el nombre de la propiedad _ExtentX de p_pant no es válido.
Línea 1259: el nombre de la propiedad _ExtentY de p_pant no es válido.
Línea 1260: el nombre de la propiedad BorderColor de p_pant no es válido.
Línea 1270: el nombre de la propiedad _ExtentX de p_pant no es válido.
Línea 1271: el nombre de la propiedad _ExtentY de p_pant no es válido.
Línea 1272: el nombre de la propiedad BorderColor de p_pant no es válido.
Línea 1282: el nombre de la propiedad _ExtentX de p_pant no es válido.
Línea 1283: el nombre de la propiedad _ExtentY de p_pant no es válido.
Línea 1284: el nombre de la propiedad BorderColor de p_pant no es válido.
Línea 1294: el nombre de la propiedad _ExtentX de p_pant no es válido.
Línea 1295: el nombre de la propiedad _ExtentY de p_pant no es válido.
Línea 1296: el nombre de la propiedad BorderColor de p_pant no es válido.
Línea 1306: el nombre de la propiedad _ExtentX de p_pant no es válido.
Línea 1307: el nombre de la propiedad _ExtentY de p_pant no es válido.
Línea 1308: el nombre de la propiedad BorderColor de p_pant no es válido.
Línea 1318: el nombre de la propiedad _ExtentX de p_pant no es válido.
Línea 1319: el nombre de la propiedad _ExtentY de p_pant no es válido.
Línea 1320: el nombre de la propiedad BorderColor de p_pant no es válido.
Línea 1330: el nombre de la propiedad _ExtentX de p_pant no es válido.
Línea 1331: el nombre de la propiedad _ExtentY de p_pant no es válido.
Línea 1332: el nombre de la propiedad BorderColor de p_pant no es válido.
Línea 1342: el nombre de la propiedad _ExtentX de p_pant no es válido.
Línea 1343: el nombre de la propiedad _ExtentY de p_pant no es válido.
Línea 1344: el nombre de la propiedad BorderColor de p_pant no es válido.
Línea 1354: el nombre de la propiedad _ExtentX de p_pant no es válido.
Línea 1355: el nombre de la propiedad _ExtentY de p_pant no es válido.
Línea 1356: el nombre de la propiedad BorderColor de p_pant no es válido.
Línea 1366: el nombre de la propiedad _ExtentX de p_pant no es válido.
Línea 1367: el nombre de la propiedad _ExtentY de p_pant no es válido.
Línea 1368: el nombre de la propiedad BorderColor de p_pant no es válido.
Línea 1378: el nombre de la propiedad _ExtentX de p_pant no es válido.
Línea 1379: el nombre de la propiedad _ExtentY de p_pant no es válido.
Línea 1380: el nombre de la propiedad BorderColor de p_pant no es válido.
Línea 1390: el nombre de la propiedad _ExtentX de p_pant no es válido.
Línea 1391: el nombre de la propiedad _ExtentY de p_pant no es válido.
Línea 1392: el nombre de la propiedad BorderColor de p_pant no es válido.
Línea 1402: el nombre de la propiedad _ExtentX de p_pant no es válido.
Línea 1403: el nombre de la propiedad _ExtentY de p_pant no es válido.
Línea 1404: el nombre de la propiedad BorderColor de p_pant no es válido.
Línea 1414: el nombre de la propiedad _ExtentX de p_pant no es válido.
Línea 1415: el nombre de la propiedad _ExtentY de p_pant no es válido.
Línea 1416: el nombre de la propiedad BorderColor de p_pant no es válido.
Línea 1426: el nombre de la propiedad _ExtentX de p_pant no es válido.
Línea 1427: el nombre de la propiedad _ExtentY de p_pant no es válido.
Línea 1428: el nombre de la propiedad BorderColor de p_pant no es válido.
Línea 1438: el nombre de la propiedad _ExtentX de p_pant no es válido.
Línea 1439: el nombre de la propiedad _ExtentY de p_pant no es válido.
Línea 1440: el nombre de la propiedad BorderColor de p_pant no es válido.
Línea 1450: el nombre de la propiedad _ExtentX de p_pant no es válido.
Línea 1451: el nombre de la propiedad _ExtentY de p_pant no es válido.
Línea 1452: el nombre de la propiedad BorderColor de p_pant no es válido.
Línea 1462: el nombre de la propiedad _ExtentX de p_pant no es válido.
Línea 1463: el nombre de la propiedad _ExtentY de p_pant no es válido.
Línea 1464: el nombre de la propiedad BorderColor de p_pant no es válido.
Línea 1474: el nombre de la propiedad _ExtentX de p_pant no es válido.
Línea 1475: el nombre de la propiedad _ExtentY de p_pant no es válido.
Línea 1476: el nombre de la propiedad BorderColor de p_pant no es válido.
Línea 1486: el nombre de la propiedad _ExtentX de p_pant no es válido.
Línea 1487: el nombre de la propiedad _ExtentY de p_pant no es válido.
Línea 1488: el nombre de la propiedad BorderColor de p_pant no es válido.
Línea 1498: el nombre de la propiedad _ExtentX de p_pant no es válido.
Línea 1499: el nombre de la propiedad _ExtentY de p_pant no es válido.
Línea 1500: el nombre de la propiedad BorderColor de p_pant no es válido.
Línea 1510: el nombre de la propiedad _ExtentX de p_pant no es válido.
Línea 1511: el nombre de la propiedad _ExtentY de p_pant no es válido.
Línea 1512: el nombre de la propiedad BorderColor de p_pant no es válido.
Línea 1522: el nombre de la propiedad _ExtentX de p_pant no es válido.
Línea 1523: el nombre de la propiedad _ExtentY de p_pant no es válido.
Línea 1524: el nombre de la propiedad BorderColor de p_pant no es válido.
Línea 1534: el nombre de la propiedad _ExtentX de p_pant no es válido.
Línea 1535: el nombre de la propiedad _ExtentY de p_pant no es válido.
Línea 1536: el nombre de la propiedad BorderColor de p_pant no es válido.
Línea 1546: el nombre de la propiedad _ExtentX de p_pant no es válido.
Línea 1547: el nombre de la propiedad _ExtentY de p_pant no es válido.
Línea 1548: el nombre de la propiedad BorderColor de p_pant no es válido.
Línea 1558: el nombre de la propiedad _ExtentX de p_pant no es válido.
Línea 1559: el nombre de la propiedad _ExtentY de p_pant no es válido.
Línea 1560: el nombre de la propiedad BorderColor de p_pant no es válido.
Línea 1570: el nombre de la propiedad _ExtentX de p_pant no es válido.
Línea 1571: el nombre de la propiedad _ExtentY de p_pant no es válido.
Línea 1572: el nombre de la propiedad BorderColor de p_pant no es válido.
Línea 1582: el nombre de la propiedad _ExtentX de p_pant no es válido.
Línea 1583: el nombre de la propiedad _ExtentY de p_pant no es válido.
Línea 1584: el nombre de la propiedad BorderColor de p_pant no es válido.
Línea 1594: el nombre de la propiedad _ExtentX de p_pant no es válido.
Línea 1595: el nombre de la propiedad _ExtentY de p_pant no es válido.
Línea 1596: el nombre de la propiedad BorderColor de p_pant no es válido.
Línea 1606: el nombre de la propiedad _ExtentX de p_pant no es válido.
Línea 1607: el nombre de la propiedad _ExtentY de p_pant no es válido.
Línea 1608: el nombre de la propiedad BorderColor de p_pant no es válido.
Línea 1618: el nombre de la propiedad _ExtentX de p_pant no es válido.
Línea 1619: el nombre de la propiedad _ExtentY de p_pant no es válido.
Línea 1620: el nombre de la propiedad BorderColor de p_pant no es válido.
Línea 1630: el nombre de la propiedad _ExtentX de p_pant no es válido.
Línea 1631: el nombre de la propiedad _ExtentY de p_pant no es válido.
Línea 1632: el nombre de la propiedad BorderColor de p_pant no es válido.
Línea 1642: el nombre de la propiedad _ExtentX de p_pant no es válido.
Línea 1643: el nombre de la propiedad _ExtentY de p_pant no es válido.
Línea 1644: el nombre de la propiedad BorderColor de p_pant no es válido.
Línea 1654: el nombre de la propiedad _ExtentX de p_pant no es válido.
Línea 1655: el nombre de la propiedad _ExtentY de p_pant no es válido.
Línea 1656: el nombre de la propiedad BorderColor de p_pant no es válido.
Línea 1666: el nombre de la propiedad _ExtentX de p_pant no es válido.
Línea 1667: el nombre de la propiedad _ExtentY de p_pant no es válido.
Línea 1668: el nombre de la propiedad BorderColor de p_pant no es válido.
Línea 1678: el nombre de la propiedad _ExtentX de p_pant no es válido.
Línea 1679: el nombre de la propiedad _ExtentY de p_pant no es válido.
Línea 1680: el nombre de la propiedad BorderColor de p_pant no es válido.
Línea 1690: el nombre de la propiedad _ExtentX de p_pant no es válido.
Línea 1691: el nombre de la propiedad _ExtentY de p_pant no es válido.
Línea 1692: el nombre de la propiedad BorderColor de p_pant no es válido.
Línea 1702: el nombre de la propiedad _ExtentX de p_pant no es válido.
Línea 1703: el nombre de la propiedad _ExtentY de p_pant no es válido.
Línea 1704: el nombre de la propiedad BorderColor de p_pant no es válido.
Línea 1714: el nombre de la propiedad _ExtentX de p_pant no es válido.
Línea 1715: el nombre de la propiedad _ExtentY de p_pant no es válido.
Línea 1716: el nombre de la propiedad BorderColor de p_pant no es válido.
Línea 1726: el nombre de la propiedad _ExtentX de p_pant no es válido.
Línea 1727: el nombre de la propiedad _ExtentY de p_pant no es válido.
Línea 1728: el nombre de la propiedad BorderColor de p_pant no es válido.
Línea 1738: el nombre de la propiedad _ExtentX de p_pant no es válido.
Línea 1739: el nombre de la propiedad _ExtentY de p_pant no es válido.
Línea 1740: el nombre de la propiedad BorderColor de p_pant no es válido.
Línea 1750: el nombre de la propiedad _ExtentX de p_pant no es válido.
Línea 1751: el nombre de la propiedad _ExtentY de p_pant no es válido.
Línea 1752: el nombre de la propiedad BorderColor de p_pant no es válido.
Línea 1762: el nombre de la propiedad _ExtentX de p_pant no es válido.
Línea 1763: el nombre de la propiedad _ExtentY de p_pant no es válido.
Línea 1764: el nombre de la propiedad BorderColor de p_pant no es válido.
Línea 1774: el nombre de la propiedad _ExtentX de p_pant no es válido.
Línea 1775: el nombre de la propiedad _ExtentY de p_pant no es válido.
Línea 1776: el nombre de la propiedad BorderColor de p_pant no es válido.
Línea 1786: el nombre de la propiedad _ExtentX de p_pant no es válido.
Línea 1787: el nombre de la propiedad _ExtentY de p_pant no es válido.
Línea 1788: el nombre de la propiedad BorderColor de p_pant no es válido.
Línea 1798: el nombre de la propiedad _ExtentX de p_pant no es válido.
Línea 1799: el nombre de la propiedad _ExtentY de p_pant no es válido.
Línea 1800: el nombre de la propiedad BorderColor de p_pant no es válido.
Línea 1810: el nombre de la propiedad _ExtentX de p_pant no es válido.
Línea 1811: el nombre de la propiedad _ExtentY de p_pant no es válido.
Línea 1812: el nombre de la propiedad BorderColor de p_pant no es válido.
Línea 1822: el nombre de la propiedad _ExtentX de p_pant no es válido.
Línea 1823: el nombre de la propiedad _ExtentY de p_pant no es válido.
Línea 1824: el nombre de la propiedad BorderColor de p_pant no es válido.
Línea 1834: el nombre de la propiedad _ExtentX de p_pant no es válido.
Línea 1835: el nombre de la propiedad _ExtentY de p_pant no es válido.
Línea 1836: el nombre de la propiedad BorderColor de p_pant no es válido.
Línea 1846: el nombre de la propiedad _ExtentX de p_pant no es válido.
Línea 1847: el nombre de la propiedad _ExtentY de p_pant no es válido.
Línea 1848: el nombre de la propiedad BorderColor de p_pant no es válido.
Línea 1858: el nombre de la propiedad _ExtentX de p_pant no es válido.
Línea 1859: el nombre de la propiedad _ExtentY de p_pant no es válido.
Línea 1860: el nombre de la propiedad BorderColor de p_pant no es válido.
Línea 1870: el nombre de la propiedad _ExtentX de p_pant no es válido.
Línea 1871: el nombre de la propiedad _ExtentY de p_pant no es válido.
Línea 1872: el nombre de la propiedad BorderColor de p_pant no es válido.
Línea 1882: el nombre de la propiedad _ExtentX de p_pant no es válido.
Línea 1883: el nombre de la propiedad _ExtentY de p_pant no es válido.
Línea 1884: el nombre de la propiedad BorderColor de p_pant no es válido.
Línea 1894: el nombre de la propiedad _ExtentX de p_pant no es válido.
Línea 1895: el nombre de la propiedad _ExtentY de p_pant no es válido.
Línea 1896: el nombre de la propiedad BorderColor de p_pant no es válido.
Línea 1906: el nombre de la propiedad _ExtentX de p_pant no es válido.
Línea 1907: el nombre de la propiedad _ExtentY de p_pant no es válido.
Línea 1908: el nombre de la propiedad BorderColor de p_pant no es válido.
Línea 1918: el nombre de la propiedad _ExtentX de p_pant no es válido.
Línea 1919: el nombre de la propiedad _ExtentY de p_pant no es válido.
Línea 1920: el nombre de la propiedad BorderColor de p_pant no es válido.
Línea 1930: el nombre de la propiedad _ExtentX de p_pant no es válido.
Línea 1931: el nombre de la propiedad _ExtentY de p_pant no es válido.
Línea 1932: el nombre de la propiedad BorderColor de p_pant no es válido.
Línea 1942: el nombre de la propiedad _ExtentX de p_pant no es válido.
Línea 1943: el nombre de la propiedad _ExtentY de p_pant no es válido.
Línea 1944: el nombre de la propiedad BorderColor de p_pant no es válido.
Línea 1954: el nombre de la propiedad _ExtentX de p_pant no es válido.
Línea 1955: el nombre de la propiedad _ExtentY de p_pant no es válido.
Línea 1956: el nombre de la propiedad BorderColor de p_pant no es válido.
Línea 1966: el nombre de la propiedad _ExtentX de p_pant no es válido.
Línea 1967: el nombre de la propiedad _ExtentY de p_pant no es válido.
Línea 1968: el nombre de la propiedad BorderColor de p_pant no es válido.
Línea 1978: el nombre de la propiedad _ExtentX de p_pant no es válido.
Línea 1979: el nombre de la propiedad _ExtentY de p_pant no es válido.
Línea 1980: el nombre de la propiedad BorderColor de p_pant no es válido.
Línea 1990: el nombre de la propiedad _ExtentX de p_pant no es válido.
Línea 1991: el nombre de la propiedad _ExtentY de p_pant no es válido.
Línea 1992: el nombre de la propiedad BorderColor de p_pant no es válido.
Línea 2002: el nombre de la propiedad _ExtentX de p_pant no es válido.
Línea 2003: el nombre de la propiedad _ExtentY de p_pant no es válido.
Línea 2004: el nombre de la propiedad BorderColor de p_pant no es válido.
Línea 2014: el nombre de la propiedad _ExtentX de p_pant no es válido.
Línea 2015: el nombre de la propiedad _ExtentY de p_pant no es válido.
Línea 2016: el nombre de la propiedad BorderColor de p_pant no es válido.
Línea 2026: el nombre de la propiedad _ExtentX de p_pant no es válido.
Línea 2027: el nombre de la propiedad _ExtentY de p_pant no es válido.
Línea 2028: el nombre de la propiedad BorderColor de p_pant no es válido.
Línea 2038: el nombre de la propiedad _ExtentX de p_pant no es válido.
Línea 2039: el nombre de la propiedad _ExtentY de p_pant no es válido.
Línea 2040: el nombre de la propiedad BorderColor de p_pant no es válido.
Línea 2050: el nombre de la propiedad _ExtentX de p_pant no es válido.
Línea 2051: el nombre de la propiedad _ExtentY de p_pant no es válido.
Línea 2052: el nombre de la propiedad BorderColor de p_pant no es válido.
Línea 2062: el nombre de la propiedad _ExtentX de p_pant no es válido.
Línea 2063: el nombre de la propiedad _ExtentY de p_pant no es válido.
Línea 2064: el nombre de la propiedad BorderColor de p_pant no es válido.
Línea 2074: el nombre de la propiedad _ExtentX de p_pant no es válido.
Línea 2075: el nombre de la propiedad _ExtentY de p_pant no es válido.
Línea 2076: el nombre de la propiedad BorderColor de p_pant no es válido.
Línea 2086: el nombre de la propiedad _ExtentX de p_pant no es válido.
Línea 2087: el nombre de la propiedad _ExtentY de p_pant no es válido.
Línea 2088: el nombre de la propiedad BorderColor de p_pant no es válido.
Línea 2098: el nombre de la propiedad _ExtentX de p_pant no es válido.
Línea 2099: el nombre de la propiedad _ExtentY de p_pant no es válido.
Línea 2100: el nombre de la propiedad BorderColor de p_pant no es válido.
Línea 2110: el nombre de la propiedad _ExtentX de p_pant no es válido.
Línea 2111: el nombre de la propiedad _ExtentY de p_pant no es válido.
Línea 2112: el nombre de la propiedad BorderColor de p_pant no es válido.
Línea 2122: el nombre de la propiedad _ExtentX de p_pant no es válido.
Línea 2123: el nombre de la propiedad _ExtentY de p_pant no es válido.
Línea 2124: el nombre de la propiedad BorderColor de p_pant no es válido.
Línea 2134: el nombre de la propiedad _ExtentX de p_pant no es válido.
Línea 2135: el nombre de la propiedad _ExtentY de p_pant no es válido.
Línea 2136: el nombre de la propiedad BorderColor de p_pant no es válido.
Línea 2146: el nombre de la propiedad _ExtentX de p_pant no es válido.
Línea 2147: el nombre de la propiedad _ExtentY de p_pant no es válido.
Línea 2148: el nombre de la propiedad BorderColor de p_pant no es válido.
Línea 2158: el nombre de la propiedad _ExtentX de p_pant no es válido.
Línea 2159: el nombre de la propiedad _ExtentY de p_pant no es válido.
Línea 2160: el nombre de la propiedad BorderColor de p_pant no es válido.
Línea 2170: el nombre de la propiedad _ExtentX de p_pant no es válido.
Línea 2171: el nombre de la propiedad _ExtentY de p_pant no es válido.
Línea 2172: el nombre de la propiedad BorderColor de p_pant no es válido.
Línea 2182: el nombre de la propiedad _ExtentX de p_pant no es válido.
Línea 2183: el nombre de la propiedad _ExtentY de p_pant no es válido.
Línea 2184: el nombre de la propiedad BorderColor de p_pant no es válido.
Línea 2194: el nombre de la propiedad _ExtentX de p_pant no es válido.
Línea 2195: el nombre de la propiedad _ExtentY de p_pant no es válido.
Línea 2196: el nombre de la propiedad BorderColor de p_pant no es válido.
Línea 2206: el nombre de la propiedad _ExtentX de p_pant no es válido.
Línea 2207: el nombre de la propiedad _ExtentY de p_pant no es válido.
Línea 2208: el nombre de la propiedad BorderColor de p_pant no es válido.
Línea 2218: el nombre de la propiedad _ExtentX de p_pant no es válido.
Línea 2219: el nombre de la propiedad _ExtentY de p_pant no es válido.
Línea 2220: el nombre de la propiedad BorderColor de p_pant no es válido.
Línea 2230: el nombre de la propiedad _ExtentX de p_pant no es válido.
Línea 2231: el nombre de la propiedad _ExtentY de p_pant no es válido.
Línea 2232: el nombre de la propiedad BorderColor de p_pant no es válido.
Línea 2242: el nombre de la propiedad _ExtentX de p_pant no es válido.
Línea 2243: el nombre de la propiedad _ExtentY de p_pant no es válido.
Línea 2244: el nombre de la propiedad BorderColor de p_pant no es válido.
Línea 2254: el nombre de la propiedad _ExtentX de p_pant no es válido.
Línea 2255: el nombre de la propiedad _ExtentY de p_pant no es válido.
Línea 2256: el nombre de la propiedad BorderColor de p_pant no es válido.
Línea 2266: el nombre de la propiedad _ExtentX de p_pant no es válido.
Línea 2267: el nombre de la propiedad _ExtentY de p_pant no es válido.
Línea 2268: el nombre de la propiedad BorderColor de p_pant no es válido.
Línea 2278: el nombre de la propiedad _ExtentX de p_pant no es válido.
Línea 2279: el nombre de la propiedad _ExtentY de p_pant no es válido.
Línea 2280: el nombre de la propiedad BorderColor de p_pant no es válido.
Línea 2290: el nombre de la propiedad _ExtentX de p_pant no es válido.
Línea 2291: el nombre de la propiedad _ExtentY de p_pant no es válido.
Línea 2292: el nombre de la propiedad BorderColor de p_pant no es válido.
Línea 2302: el nombre de la propiedad _ExtentX de p_pant no es válido.
Línea 2303: el nombre de la propiedad _ExtentY de p_pant no es válido.
Línea 2304: el nombre de la propiedad BorderColor de p_pant no es válido.
Línea 2314: el nombre de la propiedad _ExtentX de p_pant no es válido.
Línea 2315: el nombre de la propiedad _ExtentY de p_pant no es válido.
Línea 2316: el nombre de la propiedad BorderColor de p_pant no es válido.
Línea 2326: el nombre de la propiedad _ExtentX de p_pant no es válido.
Línea 2327: el nombre de la propiedad _ExtentY de p_pant no es válido.
Línea 2328: el nombre de la propiedad BorderColor de p_pant no es válido.
Línea 2338: el nombre de la propiedad _ExtentX de p_pant no es válido.
Línea 2339: el nombre de la propiedad _ExtentY de p_pant no es válido.
Línea 2340: el nombre de la propiedad BorderColor de p_pant no es válido.
Línea 2350: el nombre de la propiedad _ExtentX de p_pant no es válido.
Línea 2351: el nombre de la propiedad _ExtentY de p_pant no es válido.
Línea 2352: el nombre de la propiedad BorderColor de p_pant no es válido.
Línea 2362: el nombre de la propiedad _ExtentX de p_pant no es válido.
Línea 2363: el nombre de la propiedad _ExtentY de p_pant no es válido.
Línea 2364: el nombre de la propiedad BorderColor de p_pant no es válido.
Línea 2374: el nombre de la propiedad _ExtentX de p_pant no es válido.
Línea 2375: el nombre de la propiedad _ExtentY de p_pant no es válido.
Línea 2376: el nombre de la propiedad BorderColor de p_pant no es válido.
Línea 2386: el nombre de la propiedad _ExtentX de p_pant no es válido.
Línea 2387: el nombre de la propiedad _ExtentY de p_pant no es válido.
Línea 2388: el nombre de la propiedad BorderColor de p_pant no es válido.
Línea 2398: el nombre de la propiedad _ExtentX de p_pant no es válido.
Línea 2399: el nombre de la propiedad _ExtentY de p_pant no es válido.
Línea 2400: el nombre de la propiedad BorderColor de p_pant no es válido.
Línea 2410: el nombre de la propiedad _ExtentX de p_pant no es válido.
Línea 2411: el nombre de la propiedad _ExtentY de p_pant no es válido.
Línea 2412: el nombre de la propiedad BorderColor de p_pant no es válido.
Línea 2422: el nombre de la propiedad _ExtentX de p_pant no es válido.
Línea 2423: el nombre de la propiedad _ExtentY de p_pant no es válido.
Línea 2424: el nombre de la propiedad BorderColor de p_pant no es válido.
Línea 2434: el nombre de la propiedad _ExtentX de p_pant no es válido.
Línea 2435: el nombre de la propiedad _ExtentY de p_pant no es válido.
Línea 2436: el nombre de la propiedad BorderColor de p_pant no es válido.
Línea 2446: el nombre de la propiedad _ExtentX de p_pant no es válido.
Línea 2447: el nombre de la propiedad _ExtentY de p_pant no es válido.
Línea 2448: el nombre de la propiedad BorderColor de p_pant no es válido.
Línea 2458: el nombre de la propiedad _ExtentX de p_pant no es válido.
Línea 2459: el nombre de la propiedad _ExtentY de p_pant no es válido.
Línea 2460: el nombre de la propiedad BorderColor de p_pant no es válido.
Línea 2470: el nombre de la propiedad _ExtentX de p_pant no es válido.
Línea 2471: el nombre de la propiedad _ExtentY de p_pant no es válido.
Línea 2472: el nombre de la propiedad BorderColor de p_pant no es válido.
Línea 2482: el nombre de la propiedad _ExtentX de p_pant no es válido.
Línea 2483: el nombre de la propiedad _ExtentY de p_pant no es válido.
Línea 2484: el nombre de la propiedad BorderColor de p_pant no es válido.
Línea 2494: el nombre de la propiedad _ExtentX de p_pant no es válido.
Línea 2495: el nombre de la propiedad _ExtentY de p_pant no es válido.
Línea 2496: el nombre de la propiedad BorderColor de p_pant no es válido.
Línea 2506: el nombre de la propiedad _ExtentX de p_pant no es válido.
Línea 2507: el nombre de la propiedad _ExtentY de p_pant no es válido.
Línea 2508: el nombre de la propiedad BorderColor de p_pant no es válido.
Línea 2518: el nombre de la propiedad _ExtentX de p_pant no es válido.
Línea 2519: el nombre de la propiedad _ExtentY de p_pant no es válido.
Línea 2520: el nombre de la propiedad BorderColor de p_pant no es válido.
Línea 2530: el nombre de la propiedad _ExtentX de p_pant no es válido.
Línea 2531: el nombre de la propiedad _ExtentY de p_pant no es válido.
Línea 2532: el nombre de la propiedad BorderColor de p_pant no es válido.
Línea 2542: el nombre de la propiedad _ExtentX de p_pant no es válido.
Línea 2543: el nombre de la propiedad _ExtentY de p_pant no es válido.
Línea 2544: el nombre de la propiedad BorderColor de p_pant no es válido.
Línea 2554: el nombre de la propiedad _ExtentX de p_pant no es válido.
Línea 2555: el nombre de la propiedad _ExtentY de p_pant no es válido.
Línea 2556: el nombre de la propiedad BorderColor de p_pant no es válido.
Línea 2566: el nombre de la propiedad _ExtentX de p_pant no es válido.
Línea 2567: el nombre de la propiedad _ExtentY de p_pant no es válido.
Línea 2568: el nombre de la propiedad BorderColor de p_pant no es válido.
Línea 2578: el nombre de la propiedad _ExtentX de p_pant no es válido.
Línea 2579: el nombre de la propiedad _ExtentY de p_pant no es válido.
Línea 2580: el nombre de la propiedad BorderColor de p_pant no es válido.
Línea 2590: el nombre de la propiedad _ExtentX de p_pant no es válido.
Línea 2591: el nombre de la propiedad _ExtentY de p_pant no es válido.
Línea 2592: el nombre de la propiedad BorderColor de p_pant no es válido.
Línea 2602: el nombre de la propiedad _ExtentX de p_pant no es válido.
Línea 2603: el nombre de la propiedad _ExtentY de p_pant no es válido.
Línea 2604: el nombre de la propiedad BorderColor de p_pant no es válido.
Línea 2614: el nombre de la propiedad _ExtentX de p_pant no es válido.
Línea 2615: el nombre de la propiedad _ExtentY de p_pant no es válido.
Línea 2616: el nombre de la propiedad BorderColor de p_pant no es válido.
Línea 2626: el nombre de la propiedad _ExtentX de p_pant no es válido.
Línea 2627: el nombre de la propiedad _ExtentY de p_pant no es válido.
Línea 2628: el nombre de la propiedad BorderColor de p_pant no es válido.
Línea 2638: el nombre de la propiedad _ExtentX de p_pant no es válido.
Línea 2639: el nombre de la propiedad _ExtentY de p_pant no es válido.
Línea 2640: el nombre de la propiedad BorderColor de p_pant no es válido.
Línea 2650: el nombre de la propiedad _ExtentX de p_pant no es válido.
Línea 2651: el nombre de la propiedad _ExtentY de p_pant no es válido.
Línea 2652: el nombre de la propiedad BorderColor de p_pant no es válido.
Línea 2662: el nombre de la propiedad _ExtentX de p_pant no es válido.
Línea 2663: el nombre de la propiedad _ExtentY de p_pant no es válido.
Línea 2664: el nombre de la propiedad BorderColor de p_pant no es válido.
Línea 2674: el nombre de la propiedad _ExtentX de p_pant no es válido.
Línea 2675: el nombre de la propiedad _ExtentY de p_pant no es válido.
Línea 2676: el nombre de la propiedad BorderColor de p_pant no es válido.
Línea 2686: el nombre de la propiedad _ExtentX de p_pant no es válido.
Línea 2687: el nombre de la propiedad _ExtentY de p_pant no es válido.
Línea 2688: el nombre de la propiedad BorderColor de p_pant no es válido.
Línea 2698: el nombre de la propiedad _ExtentX de p_pant no es válido.
Línea 2699: el nombre de la propiedad _ExtentY de p_pant no es válido.
Línea 2700: el nombre de la propiedad BorderColor de p_pant no es válido.
Línea 2710: el nombre de la propiedad _ExtentX de p_pant no es válido.
Línea 2711: el nombre de la propiedad _ExtentY de p_pant no es válido.
Línea 2712: el nombre de la propiedad BorderColor de p_pant no es válido.
Línea 2722: el nombre de la propiedad _ExtentX de p_pant no es válido.
Línea 2723: el nombre de la propiedad _ExtentY de p_pant no es válido.
Línea 2724: el nombre de la propiedad BorderColor de p_pant no es válido.
Línea 2734: el nombre de la propiedad _ExtentX de p_pant no es válido.
Línea 2735: el nombre de la propiedad _ExtentY de p_pant no es válido.
Línea 2736: el nombre de la propiedad BorderColor de p_pant no es válido.
Línea 2746: el nombre de la propiedad _ExtentX de p_pant no es válido.
Línea 2747: el nombre de la propiedad _ExtentY de p_pant no es válido.
Línea 2748: el nombre de la propiedad BorderColor de p_pant no es válido.
Línea 2758: el nombre de la propiedad _ExtentX de p_pant no es válido.
Línea 2759: el nombre de la propiedad _ExtentY de p_pant no es válido.
Línea 2760: el nombre de la propiedad BorderColor de p_pant no es válido.
Línea 2770: el nombre de la propiedad _ExtentX de p_pant no es válido.
Línea 2771: el nombre de la propiedad _ExtentY de p_pant no es válido.
Línea 2772: el nombre de la propiedad BorderColor de p_pant no es válido.
Línea 2782: el nombre de la propiedad _ExtentX de p_pant no es válido.
Línea 2783: el nombre de la propiedad _ExtentY de p_pant no es válido.
Línea 2784: el nombre de la propiedad BorderColor de p_pant no es válido.
Línea 2794: el nombre de la propiedad _ExtentX de p_pant no es válido.
Línea 2795: el nombre de la propiedad _ExtentY de p_pant no es válido.
Línea 2796: el nombre de la propiedad BorderColor de p_pant no es válido.
Línea 2806: el nombre de la propiedad _ExtentX de p_pant no es válido.
Línea 2807: el nombre de la propiedad _ExtentY de p_pant no es válido.
Línea 2808: el nombre de la propiedad BorderColor de p_pant no es válido.
Línea 2818: el nombre de la propiedad _ExtentX de p_pant no es válido.
Línea 2819: el nombre de la propiedad _ExtentY de p_pant no es válido.
Línea 2820: el nombre de la propiedad BorderColor de p_pant no es válido.
Línea 2830: el nombre de la propiedad _ExtentX de p_pant no es válido.
Línea 2831: el nombre de la propiedad _ExtentY de p_pant no es válido.
Línea 2832: el nombre de la propiedad BorderColor de p_pant no es válido.
Línea 2842: el nombre de la propiedad _ExtentX de p_pant no es válido.
Línea 2843: el nombre de la propiedad _ExtentY de p_pant no es válido.
Línea 2844: el nombre de la propiedad BorderColor de p_pant no es válido.
Línea 2854: el nombre de la propiedad _ExtentX de p_pant no es válido.
Línea 2855: el nombre de la propiedad _ExtentY de p_pant no es válido.
Línea 2856: el nombre de la propiedad BorderColor de p_pant no es válido.
Línea 2866: el nombre de la propiedad _ExtentX de p_pant no es válido.
Línea 2867: el nombre de la propiedad _ExtentY de p_pant no es válido.
Línea 2868: el nombre de la propiedad BorderColor de p_pant no es válido.
Línea 2878: el nombre de la propiedad _ExtentX de p_pant no es válido.
Línea 2879: el nombre de la propiedad _ExtentY de p_pant no es válido.
Línea 2880: el nombre de la propiedad BorderColor de p_pant no es válido.
Línea 2890: el nombre de la propiedad _ExtentX de p_pant no es válido.
Línea 2891: el nombre de la propiedad _ExtentY de p_pant no es válido.
Línea 2892: el nombre de la propiedad BorderColor de p_pant no es válido.
Línea 2902: el nombre de la propiedad _ExtentX de p_pant no es válido.
Línea 2903: el nombre de la propiedad _ExtentY de p_pant no es válido.
Línea 2904: el nombre de la propiedad BorderColor de p_pant no es válido.
Línea 2914: el nombre de la propiedad _ExtentX de p_pant no es válido.
Línea 2915: el nombre de la propiedad _ExtentY de p_pant no es válido.
Línea 2916: el nombre de la propiedad BorderColor de p_pant no es válido.
Línea 2926: el nombre de la propiedad _ExtentX de p_pant no es válido.
Línea 2927: el nombre de la propiedad _ExtentY de p_pant no es válido.
Línea 2928: el nombre de la propiedad BorderColor de p_pant no es válido.
Línea 2938: el nombre de la propiedad _ExtentX de p_pant no es válido.
Línea 2939: el nombre de la propiedad _ExtentY de p_pant no es válido.
Línea 2940: el nombre de la propiedad BorderColor de p_pant no es válido.
Línea 2950: el nombre de la propiedad _ExtentX de p_pant no es válido.
Línea 2951: el nombre de la propiedad _ExtentY de p_pant no es válido.
Línea 2952: el nombre de la propiedad BorderColor de p_pant no es válido.
Línea 2962: el nombre de la propiedad _ExtentX de p_pant no es válido.
Línea 2963: el nombre de la propiedad _ExtentY de p_pant no es válido.
Línea 2964: el nombre de la propiedad BorderColor de p_pant no es válido.
Línea 2974: el nombre de la propiedad _ExtentX de p_pant no es válido.
Línea 2975: el nombre de la propiedad _ExtentY de p_pant no es válido.
Línea 2976: el nombre de la propiedad BorderColor de p_pant no es válido.
Línea 2986: el nombre de la propiedad _ExtentX de p_pant no es válido.
Línea 2987: el nombre de la propiedad _ExtentY de p_pant no es válido.
Línea 2988: el nombre de la propiedad BorderColor de p_pant no es válido.
Línea 2998: el nombre de la propiedad _ExtentX de p_pant no es válido.
Línea 2999: el nombre de la propiedad _ExtentY de p_pant no es válido.
Línea 3000: el nombre de la propiedad BorderColor de p_pant no es válido.
Línea 3010: el nombre de la propiedad _ExtentX de p_pant no es válido.
Línea 3011: el nombre de la propiedad _ExtentY de p_pant no es válido.
Línea 3012: el nombre de la propiedad BorderColor de p_pant no es válido.
Línea 3022: el nombre de la propiedad _ExtentX de p_pant no es válido.
Línea 3023: el nombre de la propiedad _ExtentY de p_pant no es válido.
Línea 3024: el nombre de la propiedad BorderColor de p_pant no es válido.
Línea 3034: el nombre de la propiedad _ExtentX de p_pant no es válido.
Línea 3035: el nombre de la propiedad _ExtentY de p_pant no es válido.
Línea 3036: el nombre de la propiedad BorderColor de p_pant no es válido.
Línea 3046: el nombre de la propiedad _ExtentX de p_pant no es válido.
Línea 3047: el nombre de la propiedad _ExtentY de p_pant no es válido.
Línea 3048: el nombre de la propiedad BorderColor de p_pant no es válido.
Línea 3058: el nombre de la propiedad _ExtentX de p_pant no es válido.
Línea 3059: el nombre de la propiedad _ExtentY de p_pant no es válido.
Línea 3060: el nombre de la propiedad BorderColor de p_pant no es válido.
Línea 3070: el nombre de la propiedad _ExtentX de p_pant no es válido.
Línea 3071: el nombre de la propiedad _ExtentY de p_pant no es válido.
Línea 3072: el nombre de la propiedad BorderColor de p_pant no es válido.
Línea 3082: el nombre de la propiedad _ExtentX de p_pant no es válido.
Línea 3083: el nombre de la propiedad _ExtentY de p_pant no es válido.
Línea 3084: el nombre de la propiedad BorderColor de p_pant no es válido.
Línea 3094: el nombre de la propiedad _ExtentX de p_pant no es válido.
Línea 3095: el nombre de la propiedad _ExtentY de p_pant no es válido.
Línea 3096: el nombre de la propiedad BorderColor de p_pant no es válido.
Línea 3106: el nombre de la propiedad _ExtentX de p_pant no es válido.
Línea 3107: el nombre de la propiedad _ExtentY de p_pant no es válido.
Línea 3108: el nombre de la propiedad BorderColor de p_pant no es válido.
Línea 3118: el nombre de la propiedad _ExtentX de p_pant no es válido.
Línea 3119: el nombre de la propiedad _ExtentY de p_pant no es válido.
Línea 3120: el nombre de la propiedad BorderColor de p_pant no es válido.
